\BOOKMARK [-1][]{ctitle.-1}{\376\377\131\032\150\070\202\257\162\107\166\204\156\051\145\117\117\116\122\237\200\027\214\003\136\246\170\024\172\166}{}% 1
\BOOKMARK [0][]{section*.2}{\376\377\144\130\000\040\211\201}{ctitle.-1}% 2
\BOOKMARK [0][]{section*.4}{\376\377\000\101\000\102\000\123\000\124\000\122\000\101\000\103\000\124}{ctitle.-1}% 3
\BOOKMARK [0][]{bnuchapter.1.0}{\376\377\166\356\000\040\137\125}{ctitle.-1}% 4
\BOOKMARK [0][]{chapter.1}{\376\377\000\061\000\040\000\040\136\046\000\040\000\105\000\156\000\147\000\154\000\151\000\163\000\150\000\040\166\204\150\007\230\230}{ctitle.-1}% 5
\BOOKMARK [1][-]{section.1.1}{\376\377\000\061\000\056\000\061\000\040\134\001\227\142\166\370\121\163}{chapter.1}% 6
\BOOKMARK [1][-]{section.1.2}{\376\377\000\061\000\056\000\062\000\040\133\127\117\123\124\175\116\344}{chapter.1}% 7
\BOOKMARK [1][-]{section.1.3}{\376\377\000\061\000\056\000\063\000\040\210\150\150\074\150\067\147\054}{chapter.1}% 8
\BOOKMARK [2][-]{subsection.1.3.1}{\376\377\000\061\000\056\000\063\000\056\000\061\000\040\127\372\147\054\210\150\150\074}{section.1.3}% 9
\BOOKMARK [2][-]{subsection.1.3.2}{\376\377\000\061\000\056\000\063\000\056\000\062\000\040\131\015\147\102\210\150\150\074}{section.1.3}% 10
\BOOKMARK [2][-]{subsection.1.3.3}{\376\377\000\061\000\056\000\063\000\056\000\063\000\040\121\166\133\203}{section.1.3}% 11
\BOOKMARK [1][-]{section.1.4}{\376\377\000\061\000\056\000\064\000\040\133\232\164\006\163\257\130\203}{chapter.1}% 12
\BOOKMARK [1][-]{section.1.5}{\376\377\000\061\000\056\000\065\000\040\123\302\200\003\145\207\163\056}{chapter.1}% 13
\BOOKMARK [1][-]{section.1.6}{\376\377\000\061\000\056\000\066\000\040\121\154\137\017}{chapter.1}% 14
\BOOKMARK [0][]{chapter.2}{\376\377\000\062\000\040\000\040\116\055\123\116\116\272\154\021\121\161\124\214\126\375}{ctitle.-1}% 15
\BOOKMARK [1][-]{section.2.1}{\376\377\000\062\000\056\000\061\000\040\121\166\133\203\117\213\133\120}{chapter.2}% 16
\BOOKMARK [2][-]{subsection.2.1.1}{\376\377\000\062\000\056\000\061\000\056\000\061\000\040\176\330\126\376}{section.2.1}% 17
\BOOKMARK [2][-]{subsection.2.1.2}{\376\377\000\062\000\056\000\061\000\056\000\062\000\040\143\322\126\376}{section.2.1}% 18
\BOOKMARK [3][-]{subsubsection.2.1.2.1}{\376\377\000\062\000\056\000\061\000\056\000\062\000\056\000\061\000\040\116\000\116\052\126\376\137\142}{subsection.2.1.2}% 19
\BOOKMARK [0][]{section*.17}{\376\377\123\302\200\003\145\207\163\056}{ctitle.-1}% 20
\BOOKMARK [0][]{appendix.A}{\376\377\226\104\137\125\000\040\000\040\000\061\000\040\000\040\131\026\145\207\215\104\145\231\123\237\145\207}{ctitle.-1}% 21
\BOOKMARK [1][-]{section.A.1}{\376\377\000\040\000\061\000\056\000\061\000\040\000\123\000\151\000\156\000\147\000\154\000\145\000\055\000\117\000\142\000\152\000\145\000\143\000\164\000\151\000\166\000\145\000\040\000\120\000\162\000\157\000\147\000\162\000\141\000\155\000\155\000\151\000\156\000\147}{appendix.A}% 22
\BOOKMARK [2][-]{subsection.A.1.1}{\376\377\000\040\000\061\000\056\000\061\000\056\000\061\000\040\000\114\000\151\000\156\000\145\000\141\000\162\000\040\000\120\000\162\000\157\000\147\000\162\000\141\000\155\000\155\000\151\000\156\000\147}{section.A.1}% 23
\BOOKMARK [2][-]{subsection.A.1.2}{\376\377\000\040\000\061\000\056\000\061\000\056\000\062\000\040\000\116\000\157\000\156\000\154\000\151\000\156\000\145\000\141\000\162\000\040\000\120\000\162\000\157\000\147\000\162\000\141\000\155\000\155\000\151\000\156\000\147}{section.A.1}% 24
\BOOKMARK [0][]{appendix.B}{\376\377\226\104\137\125\000\040\000\040\000\062\000\040\000\040\131\026\145\207\215\104\145\231\166\204\214\003\170\024\226\005\213\373\142\245\124\112\142\026\116\146\227\142\177\373\213\321}{ctitle.-1}% 25
\BOOKMARK [1][-]{section.B.1}{\376\377\000\040\000\062\000\056\000\061\000\040\123\125\166\356\150\007\211\304\122\022}{appendix.B}% 26
\BOOKMARK [2][-]{subsection.B.1.1}{\376\377\000\040\000\062\000\056\000\061\000\056\000\061\000\040\176\277\140\047\211\304\122\022}{section.B.1}% 27
\BOOKMARK [2][-]{subsection.B.1.2}{\376\377\000\040\000\062\000\056\000\061\000\056\000\062\000\040\227\136\176\277\140\047\211\304\122\022}{section.B.1}% 28
\BOOKMARK [0][]{appendix.C}{\376\377\226\104\137\125\000\040\000\040\000\063\000\040\000\040\121\166\133\203\226\104\137\125}{ctitle.-1}% 29
\BOOKMARK [0][]{section*.28}{\376\377\133\146\147\057\142\020\147\234}{ctitle.-1}% 30
\BOOKMARK [0][]{section*.30}{\376\377\201\364\214\042}{ctitle.-1}% 31
