\BOOKMARK [-1][]{ctitle.-1}{\376\377\131\032\150\070\202\257\162\107\166\204\156\051\145\117\117\116\122\237\200\027\214\003\136\246\170\024\172\166}{}% 1
\BOOKMARK [0][]{section*.2}{\376\377\144\130\000\040\211\201}{ctitle.-1}% 2
\BOOKMARK [0][]{section*.4}{\376\377\000\101\000\102\000\123\000\124\000\122\000\101\000\103\000\124}{ctitle.-1}% 3
\BOOKMARK [0][]{bnuchapter.1.0}{\376\377\166\356\000\040\137\125}{ctitle.-1}% 4
\BOOKMARK [0][]{section*.8}{\376\377\143\322\126\376\175\042\137\025}{ctitle.-1}% 5
\BOOKMARK [0][]{section*.10}{\376\377\210\150\150\074\175\042\137\025}{ctitle.-1}% 6
\BOOKMARK [0][]{chapter.1}{\376\377\000\061\000\040\000\040\137\025\212\000}{ctitle.-1}% 7
\BOOKMARK [1][-]{section.1.1}{\376\377\000\061\000\056\000\061\000\040\170\024\172\166\200\314\146\157\116\016\166\370\121\163\171\321\133\146\225\356\230\230}{chapter.1}% 8
\BOOKMARK [1][-]{section.1.2}{\376\377\000\061\000\056\000\062\000\040\135\362\147\011\170\024\172\166\142\020\147\234\123\312\121\166\177\072\226\167}{chapter.1}% 9
\BOOKMARK [1][-]{section.1.3}{\376\377\000\061\000\056\000\063\000\040\147\054\145\207\135\345\117\134\123\312\121\166\215\041\163\056}{chapter.1}% 10
\BOOKMARK [1][-]{section.1.4}{\376\377\000\061\000\056\000\064\000\040\145\207\172\340\176\323\147\204\133\211\143\222}{chapter.1}% 11
\BOOKMARK [0][]{chapter.2}{\376\377\000\062\000\040\000\040\127\372\116\216\116\373\122\241\174\276\170\156\230\204\155\113\166\204\133\236\145\366\122\237\200\027\156\051\136\246\173\241\164\006}{ctitle.-1}% 12
\BOOKMARK [1][-]{section.2.1}{\376\377\000\062\000\056\000\061\000\040\133\236\145\366\174\373\176\337\166\204\135\345\117\134\215\037\217\175\152\041\127\213}{chapter.2}% 13
\BOOKMARK [1][-]{section.2.2}{\376\377\000\062\000\056\000\062\000\040\133\236\145\366\174\373\176\337\166\204\160\355\122\006\147\220\152\041\127\213}{chapter.2}% 14
\BOOKMARK [1][-]{section.2.3}{\376\377\000\062\000\056\000\063\000\040\133\236\145\366\174\373\176\337\166\204\122\237\200\027\122\006\147\220\152\041\127\213}{chapter.2}% 15
\BOOKMARK [1][-]{section.2.4}{\376\377\000\062\000\056\000\064\000\040\135\362\147\011\166\204\000\104\000\120\000\124\000\115\214\003\136\246\173\227\154\325}{chapter.2}% 16
\BOOKMARK [2][-]{subsection.2.4.1}{\376\377\000\062\000\056\000\064\000\056\000\061\000\040\000\124\000\101\000\114\000\113\173\227\154\325}{section.2.4}% 17
\BOOKMARK [2][-]{subsection.2.4.2}{\376\377\000\062\000\056\000\064\000\056\000\062\000\040\000\120\000\141\000\164\000\164\000\145\000\162\000\156\000\055\000\102\000\141\000\163\000\145\000\144\173\227\154\325\377\010\173\200\171\360\000\120\000\102\173\227\154\325\377\011}{section.2.4}% 18
\BOOKMARK [2][-]{subsection.2.4.3}{\376\377\000\062\000\056\000\064\000\056\000\063\000\040\000\115\000\055\000\117\000\163\000\143\000\151\000\154\000\154\000\141\000\164\000\151\000\156\000\147\173\227\154\325\377\010\173\200\171\360\000\115\000\117\173\227\154\325\377\011}{section.2.4}% 19
\BOOKMARK [2][-]{subsection.2.4.4}{\376\377\000\062\000\056\000\064\000\056\000\064\000\040\133\371\135\362\147\011\173\227\154\325\166\204\213\304\117\060}{section.2.4}% 20
\BOOKMARK [1][-]{section.2.5}{\376\377\000\062\000\056\000\065\000\040\127\372\116\216\165\065\123\213\230\204\155\113\166\204\000\124\000\101\000\114\000\113\173\227\154\325\377\032\000\126\000\120\000\055\000\124\000\101\000\114\000\113}{chapter.2}% 21
\BOOKMARK [1][-]{section.2.6}{\376\377\000\062\000\056\000\066\000\040\000\104\000\120\000\124\000\115\123\237\127\213\174\373\176\337}{chapter.2}% 22
\BOOKMARK [2][-]{subsection.2.6.1}{\376\377\000\062\000\056\000\066\000\056\000\061\000\040\124\057\123\321\140\047\171\072\117\213}{section.2.6}% 23
\BOOKMARK [2][-]{subsection.2.6.2}{\376\377\000\062\000\056\000\066\000\056\000\062\000\040\127\372\116\216\147\072\126\150\133\146\116\140\166\204\000\104\000\120\000\124\000\115\123\237\127\213\174\373\176\337}{section.2.6}% 24
\BOOKMARK [2][-]{subsection.2.6.3}{\376\377\000\062\000\056\000\066\000\056\000\063\000\040\127\372\116\216\123\125\116\000\214\003\136\246\173\126\165\145\166\204\000\104\000\120\000\124\000\115\123\237\127\213\174\373\176\337}{section.2.6}% 25
\BOOKMARK [0][]{chapter.3}{\376\377\000\063\000\040\000\040\000\104\000\120\000\124\000\115\123\237\127\213\174\373\176\337\152\041\142\337\133\236\232\214}{ctitle.-1}% 26
\BOOKMARK [1][-]{section.3.1}{\376\377\000\063\000\056\000\061\000\040\152\041\142\337\133\236\232\214\163\257\130\203}{chapter.3}% 27
\BOOKMARK [1][-]{section.3.2}{\376\377\000\063\000\056\000\062\000\040\000\126\000\120\000\055\000\124\000\101\000\114\000\113\173\227\154\325\166\204\000\104\000\120\000\124\000\115\145\110\147\234\232\214\213\301}{chapter.3}% 28
\BOOKMARK [1][-]{section.3.3}{\376\377\000\063\000\056\000\063\000\040\127\372\116\216\147\072\126\150\133\146\116\140\166\204\000\104\000\120\000\124\000\115\123\237\127\213\174\373\176\337\166\204\232\214\213\301}{chapter.3}% 29
\BOOKMARK [1][-]{section.3.4}{\376\377\000\063\000\056\000\064\000\040\134\017\176\323}{chapter.3}% 30
\BOOKMARK [0][]{chapter.4}{\376\377\000\064\000\040\000\040\200\003\206\121\156\051\136\246\133\371\157\017\165\065\155\101\122\237\200\027\137\161\124\315\166\204\000\115\000\120\000\123\000\157\000\103\176\323\147\204\176\247\160\355\122\006\147\220\145\271\154\325}{ctitle.-1}% 31
\BOOKMARK [1][-]{section.4.1}{\376\377\000\064\000\056\000\061\000\040\131\032\150\070\202\257\162\107\160\355\122\006\147\220\170\024\172\166\127\372\170\100}{chapter.4}% 32
\BOOKMARK [2][-]{subsection.4.1.1}{\376\377\000\064\000\056\000\061\000\056\000\061\000\040\131\032\150\070\147\266\147\204\123\312\121\166\165\065\160\355\122\006\136\003}{section.4.1}% 33
\BOOKMARK [2][-]{subsection.4.1.2}{\376\377\000\064\000\056\000\061\000\056\000\062\000\040\202\257\162\107\160\355\122\006\147\220\123\312\000\110\000\157\000\164\000\123\000\160\000\157\000\164\152\041\127\127\176\247\152\041\127\213}{section.4.1}% 34
\BOOKMARK [2][-]{subsection.4.1.3}{\376\377\000\064\000\056\000\061\000\056\000\063\000\040\165\065\160\355\200\046\124\010\145\110\136\224\377\032\156\051\136\246\133\371\157\017\165\065\155\101\122\237\200\027\166\204\137\161\124\315}{section.4.1}% 35
\BOOKMARK [1][-]{section.4.2}{\376\377\000\064\000\056\000\062\000\040\000\063\171\315\000\115\000\120\000\123\000\157\000\103\176\323\147\204\176\247\160\355\122\006\147\220\145\271\154\325}{chapter.4}% 36
\BOOKMARK [2][-]{subsection.4.2.1}{\376\377\000\064\000\056\000\062\000\056\000\061\000\040\152\041\127\127\176\247\160\355\122\006\147\220\145\271\154\325\000\102\000\154\000\157\000\124\000\101\000\115}{section.4.2}% 37
\BOOKMARK [2][-]{subsection.4.2.2}{\376\377\000\064\000\056\000\062\000\056\000\062\000\040\150\070\176\247\160\355\122\006\147\220\145\271\154\325\000\103\000\157\000\162\000\124\000\101\000\115}{section.4.2}% 38
\BOOKMARK [2][-]{subsection.4.2.3}{\376\377\000\064\000\056\000\062\000\056\000\063\000\040\200\003\206\121\150\070\121\205\152\041\127\127\166\370\116\222\137\161\124\315\166\204\145\071\202\157\150\070\176\247\160\355\122\006\147\220\145\271\154\325\000\102\000\151\000\103\000\157\000\162\000\124\000\101\000\115}{section.4.2}% 39
\BOOKMARK [0][]{chapter.5}{\376\377\000\065\000\040\000\040\000\115\000\120\000\123\000\157\000\103\176\323\147\204\176\247\160\355\122\006\147\220\166\204\133\236\232\214\145\160\143\156\116\016\122\006\147\220}{ctitle.-1}% 40
\BOOKMARK [1][-]{section.5.1}{\376\377\000\065\000\056\000\061\000\040\133\236\232\214\136\163\123\360\116\016\155\113\117\213\213\364\146\016}{chapter.5}% 41
\BOOKMARK [1][-]{section.5.2}{\376\377\000\065\000\056\000\062\000\040\145\271\154\325\122\006\147\220\174\276\136\246\166\204\133\236\232\214\145\160\143\156\116\016\122\006\147\220}{chapter.5}% 42
\BOOKMARK [1][-]{section.5.3}{\376\377\000\065\000\056\000\063\000\040\147\054\145\207\145\271\154\325\213\241\173\227\220\037\136\246\166\204\133\236\232\214\145\160\143\156\116\016\122\006\147\220}{chapter.5}% 43
\BOOKMARK [1][-]{section.5.4}{\376\377\000\065\000\056\000\064\000\040\134\017\176\323}{chapter.5}% 44
\BOOKMARK [0][]{chapter.6}{\376\377\000\066\000\040\000\040\140\073\176\323}{ctitle.-1}% 45
\BOOKMARK [0][]{section*.40}{\376\377\123\302\200\003\145\207\163\056}{ctitle.-1}% 46
\BOOKMARK [0][]{section*.42}{\376\377\133\146\147\057\142\020\147\234}{ctitle.-1}% 47
\BOOKMARK [0][]{section*.44}{\376\377\201\364\214\042}{ctitle.-1}% 48
