This is pdfTeX, Version 3.1415926-1.40.11 (MiKTeX 2.9) (preloaded format=pdflatex 2014.1.6)  9 MAY 2014 20:06
entering extended mode
**C:/Users/YJQ/Documents/GitHub/BNUGraduateThesis/bnuthesis_1.52.1/main.tex
(C:/Users/YJQ/Documents/GitHub/BNUGraduateThesis/bnuthesis_1.52.1/main.tex
LaTeX2e <2009/09/24>
Babel <v3.8l> and hyphenation patterns for loaded.

(C:\Users\YJQ\Documents\GitHub\BNUGraduateThesis\bnuthesis_1.52.1\bnuthesis.cls
Document Class: bnuthesis 2014/3/12 1.52 Beijing Normal University Thesis Templ
ate
(C:\CTEX\MiKTeX\tex\latex\base\book.cls
Document Class: book 2007/10/19 v1.4h Standard LaTeX document class
(C:\CTEX\MiKTeX\tex\latex\base\bk12.clo
File: bk12.clo 2007/10/19 v1.4h Standard LaTeX file (size option)
)
\c@part=\count79
\c@chapter=\count80
\c@section=\count81
\c@subsection=\count82
\c@subsubsection=\count83
\c@paragraph=\count84
\c@subparagraph=\count85
\c@figure=\count86
\c@table=\count87
\abovecaptionskip=\skip41
\belowcaptionskip=\skip42
\bibindent=\dimen102
)
(C:\CTEX\MiKTeX\tex\generic\oberdiek\ifpdf.sty
Package: ifpdf 2010/01/28 v2.1 Provides the ifpdf switch (HO)
Package ifpdf Info: pdfTeX in pdf mode detected.
)
(C:\CTEX\MiKTeX\tex\generic\ifxetex\ifxetex.sty
Package: ifxetex 2010/09/12 v0.6 Provides ifxetex conditional
)
(C:\CTEX\MiKTeX\tex\latex\base\ifthen.sty
Package: ifthen 2001/05/26 v1.1c Standard LaTeX ifthen package (DPC)
)
(C:\CTEX\MiKTeX\tex\latex\tools\calc.sty
Package: calc 2007/08/22 v4.3 Infix arithmetic (KKT,FJ)
\calc@Acount=\count88
\calc@Bcount=\count89
\calc@Adimen=\dimen103
\calc@Bdimen=\dimen104
\calc@Askip=\skip43
\calc@Bskip=\skip44
LaTeX Info: Redefining \setlength on input line 76.
LaTeX Info: Redefining \addtolength on input line 77.
\calc@Ccount=\count90
\calc@Cskip=\skip45
)
(C:\CTEX\MiKTeX\tex\latex\ams\math\amsmath.sty
Package: amsmath 2000/07/18 v2.13 AMS math features
\@mathmargin=\skip46

For additional information on amsmath, use the `?' option.
(C:\CTEX\MiKTeX\tex\latex\ams\math\amstext.sty
Package: amstext 2000/06/29 v2.01

(C:\CTEX\MiKTeX\tex\latex\ams\math\amsgen.sty
File: amsgen.sty 1999/11/30 v2.0
\@emptytoks=\toks14
\ex@=\dimen105
))
(C:\CTEX\MiKTeX\tex\latex\ams\math\amsbsy.sty
Package: amsbsy 1999/11/29 v1.2d
\pmbraise@=\dimen106
)
(C:\CTEX\MiKTeX\tex\latex\ams\math\amsopn.sty
Package: amsopn 1999/12/14 v2.01 operator names
)
\inf@bad=\count91
LaTeX Info: Redefining \frac on input line 211.
\uproot@=\count92
\leftroot@=\count93
LaTeX Info: Redefining \overline on input line 307.
\classnum@=\count94
\DOTSCASE@=\count95
LaTeX Info: Redefining \ldots on input line 379.
LaTeX Info: Redefining \dots on input line 382.
LaTeX Info: Redefining \cdots on input line 467.
\Mathstrutbox@=\box26
\strutbox@=\box27
\big@size=\dimen107
LaTeX Font Info:    Redeclaring font encoding OML on input line 567.
LaTeX Font Info:    Redeclaring font encoding OMS on input line 568.
\macc@depth=\count96
\c@MaxMatrixCols=\count97
\dotsspace@=\muskip10
\c@parentequation=\count98
\dspbrk@lvl=\count99
\tag@help=\toks15
\row@=\count100
\column@=\count101
\maxfields@=\count102
\andhelp@=\toks16
\eqnshift@=\dimen108
\alignsep@=\dimen109
\tagshift@=\dimen110
\tagwidth@=\dimen111
\totwidth@=\dimen112
\lineht@=\dimen113
\@envbody=\toks17
\multlinegap=\skip47
\multlinetaggap=\skip48
\mathdisplay@stack=\toks18
LaTeX Info: Redefining \[ on input line 2666.
LaTeX Info: Redefining \] on input line 2667.
)
(C:\CTEX\MiKTeX\tex\latex\amsfonts\amssymb.sty
Package: amssymb 2009/06/22 v3.00

(C:\CTEX\MiKTeX\tex\latex\amsfonts\amsfonts.sty
Package: amsfonts 2009/06/22 v3.00 Basic AMSFonts support
\symAMSa=\mathgroup4
\symAMSb=\mathgroup5
LaTeX Font Info:    Overwriting math alphabet `\mathfrak' in version `bold'
(Font)                  U/euf/m/n --> U/euf/b/n on input line 96.
))
(C:\CTEX\MiKTeX\tex\latex\txfonts\txfonts.sty
Package: txfonts 2008/01/22 v3.2.1
LaTeX Font Info:    Redeclaring symbol font `operators' on input line 21.
LaTeX Font Info:    Overwriting symbol font `operators' in version `normal'
(Font)                  OT1/cmr/m/n --> OT1/txr/m/n on input line 21.
LaTeX Font Info:    Overwriting symbol font `operators' in version `bold'
(Font)                  OT1/cmr/bx/n --> OT1/txr/m/n on input line 21.
LaTeX Font Info:    Overwriting symbol font `operators' in version `bold'
(Font)                  OT1/txr/m/n --> OT1/txr/bx/n on input line 22.
\symitalic=\mathgroup6
LaTeX Font Info:    Overwriting symbol font `italic' in version `bold'
(Font)                  OT1/txr/m/it --> OT1/txr/bx/it on input line 26.
LaTeX Font Info:    Redeclaring math alphabet \mathbf on input line 29.
LaTeX Font Info:    Overwriting math alphabet `\mathbf' in version `normal'
(Font)                  OT1/cmr/bx/n --> OT1/txr/bx/n on input line 29.
LaTeX Font Info:    Overwriting math alphabet `\mathbf' in version `bold'
(Font)                  OT1/cmr/bx/n --> OT1/txr/bx/n on input line 29.
LaTeX Font Info:    Redeclaring math alphabet \mathit on input line 30.
LaTeX Font Info:    Overwriting math alphabet `\mathit' in version `normal'
(Font)                  OT1/cmr/m/it --> OT1/txr/m/it on input line 30.
LaTeX Font Info:    Overwriting math alphabet `\mathit' in version `bold'
(Font)                  OT1/cmr/bx/it --> OT1/txr/m/it on input line 30.
LaTeX Font Info:    Overwriting math alphabet `\mathit' in version `bold'
(Font)                  OT1/txr/m/it --> OT1/txr/bx/it on input line 31.
LaTeX Font Info:    Redeclaring math alphabet \mathsf on input line 40.
LaTeX Font Info:    Overwriting math alphabet `\mathsf' in version `normal'
(Font)                  OT1/cmss/m/n --> OT1/txss/m/n on input line 40.
LaTeX Font Info:    Overwriting math alphabet `\mathsf' in version `bold'
(Font)                  OT1/cmss/bx/n --> OT1/txss/m/n on input line 40.
LaTeX Font Info:    Overwriting math alphabet `\mathsf' in version `bold'
(Font)                  OT1/txss/m/n --> OT1/txss/b/n on input line 41.
LaTeX Font Info:    Redeclaring math alphabet \mathtt on input line 50.
LaTeX Font Info:    Overwriting math alphabet `\mathtt' in version `normal'
(Font)                  OT1/cmtt/m/n --> OT1/txtt/m/n on input line 50.
LaTeX Font Info:    Overwriting math alphabet `\mathtt' in version `bold'
(Font)                  OT1/cmtt/m/n --> OT1/txtt/m/n on input line 50.
LaTeX Font Info:    Overwriting math alphabet `\mathtt' in version `bold'
(Font)                  OT1/txtt/m/n --> OT1/txtt/b/n on input line 51.
LaTeX Font Info:    Redeclaring symbol font `letters' on input line 58.
LaTeX Font Info:    Overwriting symbol font `letters' in version `normal'
(Font)                  OML/cmm/m/it --> OML/txmi/m/it on input line 58.
LaTeX Font Info:    Overwriting symbol font `letters' in version `bold'
(Font)                  OML/cmm/b/it --> OML/txmi/m/it on input line 58.
LaTeX Font Info:    Overwriting symbol font `letters' in version `bold'
(Font)                  OML/txmi/m/it --> OML/txmi/bx/it on input line 59.
\symlettersA=\mathgroup7
LaTeX Font Info:    Overwriting symbol font `lettersA' in version `bold'
(Font)                  U/txmia/m/it --> U/txmia/bx/it on input line 67.
LaTeX Font Info:    Redeclaring math alphabet \mathfrak on input line 70.
LaTeX Font Info:    Redeclaring symbol font `symbols' on input line 77.
LaTeX Font Info:    Overwriting symbol font `symbols' in version `normal'
(Font)                  OMS/cmsy/m/n --> OMS/txsy/m/n on input line 77.
LaTeX Font Info:    Overwriting symbol font `symbols' in version `bold'
(Font)                  OMS/cmsy/b/n --> OMS/txsy/m/n on input line 77.
LaTeX Font Info:    Overwriting symbol font `symbols' in version `bold'
(Font)                  OMS/txsy/m/n --> OMS/txsy/bx/n on input line 78.
LaTeX Font Info:    Redeclaring symbol font `AMSa' on input line 93.
LaTeX Font Info:    Overwriting symbol font `AMSa' in version `normal'
(Font)                  U/msa/m/n --> U/txsya/m/n on input line 93.
LaTeX Font Info:    Overwriting symbol font `AMSa' in version `bold'
(Font)                  U/msa/m/n --> U/txsya/m/n on input line 93.
LaTeX Font Info:    Overwriting symbol font `AMSa' in version `bold'
(Font)                  U/txsya/m/n --> U/txsya/bx/n on input line 94.
LaTeX Font Info:    Redeclaring symbol font `AMSb' on input line 102.
LaTeX Font Info:    Overwriting symbol font `AMSb' in version `normal'
(Font)                  U/msb/m/n --> U/txsyb/m/n on input line 102.
LaTeX Font Info:    Overwriting symbol font `AMSb' in version `bold'
(Font)                  U/msb/m/n --> U/txsyb/m/n on input line 102.
LaTeX Font Info:    Overwriting symbol font `AMSb' in version `bold'
(Font)                  U/txsyb/m/n --> U/txsyb/bx/n on input line 103.
\symsymbolsC=\mathgroup8
LaTeX Font Info:    Overwriting symbol font `symbolsC' in version `bold'
(Font)                  U/txsyc/m/n --> U/txsyc/bx/n on input line 113.
LaTeX Font Info:    Redeclaring symbol font `largesymbols' on input line 120.
LaTeX Font Info:    Overwriting symbol font `largesymbols' in version `normal'
(Font)                  OMX/cmex/m/n --> OMX/txex/m/n on input line 120.
LaTeX Font Info:    Overwriting symbol font `largesymbols' in version `bold'
(Font)                  OMX/cmex/m/n --> OMX/txex/m/n on input line 120.
LaTeX Font Info:    Overwriting symbol font `largesymbols' in version `bold'
(Font)                  OMX/txex/m/n --> OMX/txex/bx/n on input line 121.
\symlargesymbolsA=\mathgroup9
LaTeX Font Info:    Overwriting symbol font `largesymbolsA' in version `bold'
(Font)                  U/txexa/m/n --> U/txexa/bx/n on input line 129.
LaTeX Info: Redefining \not on input line 1043.
)
(C:\CTEX\MiKTeX\tex\latex\graphics\graphicx.sty
Package: graphicx 1999/02/16 v1.0f Enhanced LaTeX Graphics (DPC,SPQR)

(C:\CTEX\MiKTeX\tex\latex\graphics\keyval.sty
Package: keyval 1999/03/16 v1.13 key=value parser (DPC)
\KV@toks@=\toks19
)
(C:\CTEX\MiKTeX\tex\latex\graphics\graphics.sty
Package: graphics 2009/02/05 v1.0o Standard LaTeX Graphics (DPC,SPQR)

(C:\CTEX\MiKTeX\tex\latex\graphics\trig.sty
Package: trig 1999/03/16 v1.09 sin cos tan (DPC)
)
(C:\CTEX\MiKTeX\tex\latex\00miktex\graphics.cfg
File: graphics.cfg 2007/01/18 v1.5 graphics configuration of teTeX/TeXLive
)
Package graphics Info: Driver file: pdftex.def on input line 91.

(C:\CTEX\MiKTeX\tex\latex\pdftex-def\pdftex.def
File: pdftex.def 2010/11/26 v0.05c Graphics/color for pdfTeX
\Gread@gobject=\count103
))
\Gin@req@height=\dimen114
\Gin@req@width=\dimen115
)
(C:\CTEX\MiKTeX\tex\latex\subfig\subfig.sty
Package: subfig 2005/06/28 ver: 1.3 subfig package

(C:\CTEX\MiKTeX\tex\latex\caption\caption.sty
Package: caption 2010/01/09 v3.1m Customizing captions (AR)

(C:\CTEX\MiKTeX\tex\latex\caption\caption3.sty
Package: caption3 2010/01/14 v3.1m caption3 kernel (AR)
\captionmargin=\dimen116
\captionmargin@=\dimen117
\captionwidth=\dimen118
\caption@indent=\dimen119
\caption@parindent=\dimen120
\caption@hangindent=\dimen121
)
\c@ContinuedFloat=\count104
)
\c@KVtest=\count105
\sf@farskip=\skip49
\sf@captopadj=\dimen122
\sf@capskip=\skip50
\sf@nearskip=\skip51


Package subfig Warning: Configuration file subfig.cfg not found on input line 2
97.

\c@subfigure=\count106
\c@subfigure@save=\count107
\c@lofdepth=\count108
\c@subtable=\count109
\c@subtable@save=\count110
\c@lotdepth=\count111
\sf@top=\skip52
\sf@bottom=\skip53
) (C:\CTEX\MiKTeX\tex\latex\tools\indentfirst.sty
Package: indentfirst 1995/11/23 v1.03 Indent first paragraph (DPC)
)
(C:\CTEX\MiKTeX\tex\latex\paralist\paralist.sty
Package: paralist 2002/03/18 v2.3b Extended list environments (BS)
\pltopsep=\skip54
\plpartopsep=\skip55
\plitemsep=\skip56
\plparsep=\skip57
\pl@lab=\toks20
)
(C:\CTEX\MiKTeX\tex\latex\cjk\CJKutf8.sty
Package: CJKutf8 2008/12/29 4.8.2

(C:\CTEX\MiKTeX\tex\latex\base\inputenc.sty
Package: inputenc 2008/03/30 v1.1d Input encoding file
\inpenc@prehook=\toks21
\inpenc@posthook=\toks22

(C:\CTEX\MiKTeX\tex\latex\base\utf8.def
File: utf8.def 2008/04/05 v1.1m UTF-8 support for inputenc
Now handling font encoding OML ...
... no UTF-8 mapping file for font encoding OML
Now handling font encoding T1 ...
... processing UTF-8 mapping file for font encoding T1

(C:\CTEX\MiKTeX\tex\latex\base\t1enc.dfu
File: t1enc.dfu 2008/04/05 v1.1m UTF-8 support for inputenc
   defining Unicode char U+00A1 (decimal 161)
   defining Unicode char U+00A3 (decimal 163)
   defining Unicode char U+00AB (decimal 171)
   defining Unicode char U+00BB (decimal 187)
   defining Unicode char U+00BF (decimal 191)
   defining Unicode char U+00C0 (decimal 192)
   defining Unicode char U+00C1 (decimal 193)
   defining Unicode char U+00C2 (decimal 194)
   defining Unicode char U+00C3 (decimal 195)
   defining Unicode char U+00C4 (decimal 196)
   defining Unicode char U+00C5 (decimal 197)
   defining Unicode char U+00C6 (decimal 198)
   defining Unicode char U+00C7 (decimal 199)
   defining Unicode char U+00C8 (decimal 200)
   defining Unicode char U+00C9 (decimal 201)
   defining Unicode char U+00CA (decimal 202)
   defining Unicode char U+00CB (decimal 203)
   defining Unicode char U+00CC (decimal 204)
   defining Unicode char U+00CD (decimal 205)
   defining Unicode char U+00CE (decimal 206)
   defining Unicode char U+00CF (decimal 207)
   defining Unicode char U+00D0 (decimal 208)
   defining Unicode char U+00D1 (decimal 209)
   defining Unicode char U+00D2 (decimal 210)
   defining Unicode char U+00D3 (decimal 211)
   defining Unicode char U+00D4 (decimal 212)
   defining Unicode char U+00D5 (decimal 213)
   defining Unicode char U+00D6 (decimal 214)
   defining Unicode char U+00D8 (decimal 216)
   defining Unicode char U+00D9 (decimal 217)
   defining Unicode char U+00DA (decimal 218)
   defining Unicode char U+00DB (decimal 219)
   defining Unicode char U+00DC (decimal 220)
   defining Unicode char U+00DD (decimal 221)
   defining Unicode char U+00DE (decimal 222)
   defining Unicode char U+00DF (decimal 223)
   defining Unicode char U+00E0 (decimal 224)
   defining Unicode char U+00E1 (decimal 225)
   defining Unicode char U+00E2 (decimal 226)
   defining Unicode char U+00E3 (decimal 227)
   defining Unicode char U+00E4 (decimal 228)
   defining Unicode char U+00E5 (decimal 229)
   defining Unicode char U+00E6 (decimal 230)
   defining Unicode char U+00E7 (decimal 231)
   defining Unicode char U+00E8 (decimal 232)
   defining Unicode char U+00E9 (decimal 233)
   defining Unicode char U+00EA (decimal 234)
   defining Unicode char U+00EB (decimal 235)
   defining Unicode char U+00EC (decimal 236)
   defining Unicode char U+00ED (decimal 237)
   defining Unicode char U+00EE (decimal 238)
   defining Unicode char U+00EF (decimal 239)
   defining Unicode char U+00F0 (decimal 240)
   defining Unicode char U+00F1 (decimal 241)
   defining Unicode char U+00F2 (decimal 242)
   defining Unicode char U+00F3 (decimal 243)
   defining Unicode char U+00F4 (decimal 244)
   defining Unicode char U+00F5 (decimal 245)
   defining Unicode char U+00F6 (decimal 246)
   defining Unicode char U+00F8 (decimal 248)
   defining Unicode char U+00F9 (decimal 249)
   defining Unicode char U+00FA (decimal 250)
   defining Unicode char U+00FB (decimal 251)
   defining Unicode char U+00FC (decimal 252)
   defining Unicode char U+00FD (decimal 253)
   defining Unicode char U+00FE (decimal 254)
   defining Unicode char U+00FF (decimal 255)
   defining Unicode char U+0102 (decimal 258)
   defining Unicode char U+0103 (decimal 259)
   defining Unicode char U+0104 (decimal 260)
   defining Unicode char U+0105 (decimal 261)
   defining Unicode char U+0106 (decimal 262)
   defining Unicode char U+0107 (decimal 263)
   defining Unicode char U+010C (decimal 268)
   defining Unicode char U+010D (decimal 269)
   defining Unicode char U+010E (decimal 270)
   defining Unicode char U+010F (decimal 271)
   defining Unicode char U+0110 (decimal 272)
   defining Unicode char U+0111 (decimal 273)
   defining Unicode char U+0118 (decimal 280)
   defining Unicode char U+0119 (decimal 281)
   defining Unicode char U+011A (decimal 282)
   defining Unicode char U+011B (decimal 283)
   defining Unicode char U+011E (decimal 286)
   defining Unicode char U+011F (decimal 287)
   defining Unicode char U+0130 (decimal 304)
   defining Unicode char U+0131 (decimal 305)
   defining Unicode char U+0132 (decimal 306)
   defining Unicode char U+0133 (decimal 307)
   defining Unicode char U+0139 (decimal 313)
   defining Unicode char U+013A (decimal 314)
   defining Unicode char U+013D (decimal 317)
   defining Unicode char U+013E (decimal 318)
   defining Unicode char U+0141 (decimal 321)
   defining Unicode char U+0142 (decimal 322)
   defining Unicode char U+0143 (decimal 323)
   defining Unicode char U+0144 (decimal 324)
   defining Unicode char U+0147 (decimal 327)
   defining Unicode char U+0148 (decimal 328)
   defining Unicode char U+014A (decimal 330)
   defining Unicode char U+014B (decimal 331)
   defining Unicode char U+0150 (decimal 336)
   defining Unicode char U+0151 (decimal 337)
   defining Unicode char U+0152 (decimal 338)
   defining Unicode char U+0153 (decimal 339)
   defining Unicode char U+0154 (decimal 340)
   defining Unicode char U+0155 (decimal 341)
   defining Unicode char U+0158 (decimal 344)
   defining Unicode char U+0159 (decimal 345)
   defining Unicode char U+015A (decimal 346)
   defining Unicode char U+015B (decimal 347)
   defining Unicode char U+015E (decimal 350)
   defining Unicode char U+015F (decimal 351)
   defining Unicode char U+0160 (decimal 352)
   defining Unicode char U+0161 (decimal 353)
   defining Unicode char U+0162 (decimal 354)
   defining Unicode char U+0163 (decimal 355)
   defining Unicode char U+0164 (decimal 356)
   defining Unicode char U+0165 (decimal 357)
   defining Unicode char U+016E (decimal 366)
   defining Unicode char U+016F (decimal 367)
   defining Unicode char U+0170 (decimal 368)
   defining Unicode char U+0171 (decimal 369)
   defining Unicode char U+0178 (decimal 376)
   defining Unicode char U+0179 (decimal 377)
   defining Unicode char U+017A (decimal 378)
   defining Unicode char U+017B (decimal 379)
   defining Unicode char U+017C (decimal 380)
   defining Unicode char U+017D (decimal 381)
   defining Unicode char U+017E (decimal 382)
   defining Unicode char U+200C (decimal 8204)
   defining Unicode char U+2013 (decimal 8211)
   defining Unicode char U+2014 (decimal 8212)
   defining Unicode char U+2018 (decimal 8216)
   defining Unicode char U+2019 (decimal 8217)
   defining Unicode char U+201A (decimal 8218)
   defining Unicode char U+201C (decimal 8220)
   defining Unicode char U+201D (decimal 8221)
   defining Unicode char U+201E (decimal 8222)
   defining Unicode char U+2030 (decimal 8240)
   defining Unicode char U+2031 (decimal 8241)
   defining Unicode char U+2039 (decimal 8249)
   defining Unicode char U+203A (decimal 8250)
   defining Unicode char U+2423 (decimal 9251)
)
Now handling font encoding OT1 ...
... processing UTF-8 mapping file for font encoding OT1

(C:\CTEX\MiKTeX\tex\latex\base\ot1enc.dfu
File: ot1enc.dfu 2008/04/05 v1.1m UTF-8 support for inputenc
   defining Unicode char U+00A1 (decimal 161)
   defining Unicode char U+00A3 (decimal 163)
   defining Unicode char U+00B8 (decimal 184)
   defining Unicode char U+00BF (decimal 191)
   defining Unicode char U+00C5 (decimal 197)
   defining Unicode char U+00C6 (decimal 198)
   defining Unicode char U+00D8 (decimal 216)
   defining Unicode char U+00DF (decimal 223)
   defining Unicode char U+00E6 (decimal 230)
   defining Unicode char U+00EC (decimal 236)
   defining Unicode char U+00ED (decimal 237)
   defining Unicode char U+00EE (decimal 238)
   defining Unicode char U+00EF (decimal 239)
   defining Unicode char U+00F8 (decimal 248)
   defining Unicode char U+0131 (decimal 305)
   defining Unicode char U+0141 (decimal 321)
   defining Unicode char U+0142 (decimal 322)
   defining Unicode char U+0152 (decimal 338)
   defining Unicode char U+0153 (decimal 339)
   defining Unicode char U+2013 (decimal 8211)
   defining Unicode char U+2014 (decimal 8212)
   defining Unicode char U+2018 (decimal 8216)
   defining Unicode char U+2019 (decimal 8217)
   defining Unicode char U+201C (decimal 8220)
   defining Unicode char U+201D (decimal 8221)
)
Now handling font encoding OMS ...
... processing UTF-8 mapping file for font encoding OMS

(C:\CTEX\MiKTeX\tex\latex\base\omsenc.dfu
File: omsenc.dfu 2008/04/05 v1.1m UTF-8 support for inputenc
   defining Unicode char U+00A7 (decimal 167)
   defining Unicode char U+00B6 (decimal 182)
   defining Unicode char U+00B7 (decimal 183)
   defining Unicode char U+2020 (decimal 8224)
   defining Unicode char U+2021 (decimal 8225)
   defining Unicode char U+2022 (decimal 8226)
)
Now handling font encoding OMX ...
... no UTF-8 mapping file for font encoding OMX
Now handling font encoding U ...
... no UTF-8 mapping file for font encoding U
   defining Unicode char U+00A9 (decimal 169)
   defining Unicode char U+00AA (decimal 170)
   defining Unicode char U+00AE (decimal 174)
   defining Unicode char U+00BA (decimal 186)
   defining Unicode char U+02C6 (decimal 710)
   defining Unicode char U+02DC (decimal 732)
   defining Unicode char U+200C (decimal 8204)
   defining Unicode char U+2026 (decimal 8230)
   defining Unicode char U+2122 (decimal 8482)
   defining Unicode char U+2423 (decimal 9251)
))
(C:\CTEX\MiKTeX\tex\latex\cjk\CJK.sty
Package: CJK 2008/12/29 4.8.2

(C:\CTEX\MiKTeX\tex\latex\cjk\mule\MULEenc.sty
Package: MULEenc 2008/12/29 4.8.2
)
(C:\CTEX\MiKTeX\tex\latex\cjk\CJK.enc
File: CJK.enc 2008/12/29 4.8.2
Now handling font encoding C00 ...
... no UTF-8 mapping file for font encoding C00
Now handling font encoding C05 ...
... no UTF-8 mapping file for font encoding C05
Now handling font encoding C09 ...
... no UTF-8 mapping file for font encoding C09
Now handling font encoding C10 ...
... no UTF-8 mapping file for font encoding C10
Now handling font encoding C20 ...
... no UTF-8 mapping file for font encoding C20
Now handling font encoding C19 ...
... no UTF-8 mapping file for font encoding C19
Now handling font encoding C40 ...
... no UTF-8 mapping file for font encoding C40
Now handling font encoding C42 ...
... no UTF-8 mapping file for font encoding C42
Now handling font encoding C43 ...
... no UTF-8 mapping file for font encoding C43
Now handling font encoding C50 ...
... no UTF-8 mapping file for font encoding C50
Now handling font encoding C52 ...
... no UTF-8 mapping file for font encoding C52
Now handling font encoding C49 ...
... no UTF-8 mapping file for font encoding C49
Now handling font encoding C60 ...
... no UTF-8 mapping file for font encoding C60
Now handling font encoding C61 ...
... no UTF-8 mapping file for font encoding C61
Now handling font encoding C63 ...
... no UTF-8 mapping file for font encoding C63
Now handling font encoding C64 ...
... no UTF-8 mapping file for font encoding C64
Now handling font encoding C65 ...
... no UTF-8 mapping file for font encoding C65
Now handling font encoding C70 ...
... no UTF-8 mapping file for font encoding C70
Now handling font encoding C31 ...
... no UTF-8 mapping file for font encoding C31
Now handling font encoding C32 ...
... no UTF-8 mapping file for font encoding C32
Now handling font encoding C33 ...
... no UTF-8 mapping file for font encoding C33
Now handling font encoding C34 ...
... no UTF-8 mapping file for font encoding C34
Now handling font encoding C35 ...
... no UTF-8 mapping file for font encoding C35
Now handling font encoding C36 ...
... no UTF-8 mapping file for font encoding C36
Now handling font encoding C37 ...
... no UTF-8 mapping file for font encoding C37
Now handling font encoding C80 ...
... no UTF-8 mapping file for font encoding C80
Now handling font encoding C81 ...
... no UTF-8 mapping file for font encoding C81
Now handling font encoding C01 ...
... no UTF-8 mapping file for font encoding C01
Now handling font encoding C11 ...
... no UTF-8 mapping file for font encoding C11
Now handling font encoding C21 ...
... no UTF-8 mapping file for font encoding C21
Now handling font encoding C41 ...
... no UTF-8 mapping file for font encoding C41
Now handling font encoding C62 ...
... no UTF-8 mapping file for font encoding C62
)
LaTeX Info: Redefining \selectfont on input line 756.
\CJK@indent=\box28
)
(C:\CTEX\MiKTeX\tex\latex\base\fontenc.sty
Package: fontenc 2005/09/27 v1.99g Standard LaTeX package
))
(C:\CTEX\MiKTeX\tex\latex\cjk\CJKnumb.sty
Package: CJKnumb 2008/12/29 4.8.2
\CJK@q=\count112
\CJK@r=\count113
)
(C:\CTEX\MiKTeX\tex\latex\cjk\CJKspace.sty
Package: CJKspace 2008/12/29 3.8.0
)
(C:\Users\YJQ\Documents\GitHub\BNUGraduateThesis\bnuthesis_1.52.1\ccmap.sty
Package: ccmap 2006/11/18


Package ccmap Warning: fontenc already loaded - some fonts may be unprocessed.

\CCT@hooka@@=\toks23
) (C:\CTEX\MiKTeX\tex\latex\ntheorem\ntheorem.sty
Style `ntheorem', Version 1.28 <2009/07/01>
Package: ntheorem 2009/07/01 1.28
\theorem@style=\toks24
\theorem@@style=\toks25
\theorembodyfont=\toks26
\theoremnumbering=\toks27
\theorempreskipamount=\skip58
\theorempostskipamount=\skip59
\theoremindent=\dimen123
\theorem@indent=\dimen124
\theoremheaderfont=\toks28
\theoremseparator=\toks29
\theoremprework=\toks30
\theorempostwork=\toks31
\theoremsymbol=\toks32
\qedsymbol=\toks33
\theoremkeyword=\toks34
\qedsymbol=\toks35
\thm@topsepadd=\skip60
Package ntheorem Info: Option `thmmarks' loaded on input line 1034.
\c@endNonectr=\count114
\c@currNonectr=\count115
\mysavskip=\skip61
Package ntheorem Info: option `amsmath' handling for `thmmarks' loaded on input
 line 1034.
\thm@amstmpdepth=\dimen125
\tagwidth=\dimen126
) (C:\CTEX\MiKTeX\tex\latex\tools\array.sty
Package: array 2008/09/09 v2.4c Tabular extension package (FMi)
\col@sep=\dimen127
\extrarowheight=\dimen128
\NC@list=\toks36
\extratabsurround=\skip62
\backup@length=\skip63
)
(C:\CTEX\MiKTeX\tex\latex\tools\longtable.sty
Package: longtable 2004/02/01 v4.11 Multi-page Table package (DPC)
\LTleft=\skip64
\LTright=\skip65
\LTpre=\skip66
\LTpost=\skip67
\LTchunksize=\count116
\LTcapwidth=\dimen129
\LT@head=\box29
\LT@firsthead=\box30
\LT@foot=\box31
\LT@lastfoot=\box32
\LT@cols=\count117
\LT@rows=\count118
\c@LT@tables=\count119
\c@LT@chunks=\count120
\LT@p@ftn=\toks37
)
(C:\CTEX\MiKTeX\tex\latex\booktabs\booktabs.sty
Package: booktabs 2005/04/14 v1.61803 publication quality tables
\heavyrulewidth=\dimen130
\lightrulewidth=\dimen131
\cmidrulewidth=\dimen132
\belowrulesep=\dimen133
\belowbottomsep=\dimen134
\aboverulesep=\dimen135
\abovetopsep=\dimen136
\cmidrulesep=\dimen137
\cmidrulekern=\dimen138
\defaultaddspace=\dimen139
\@cmidla=\count121
\@cmidlb=\count122
\@aboverulesep=\dimen140
\@belowrulesep=\dimen141
\@thisruleclass=\count123
\@lastruleclass=\count124
\@thisrulewidth=\dimen142
)
(C:\CTEX\MiKTeX\tex\latex\natbib\natbib.sty
Package: natbib 2009/11/07 8.31a (PWD, AO)
\bibhang=\skip68
\bibsep=\skip69
LaTeX Info: Redefining \cite on input line 694.
\c@NAT@ctr=\count125
)
(C:\CTEX\MiKTeX\tex\latex\hyperref\hyperref.sty
Package: hyperref 2010/11/26 v6.81v Hypertext links for LaTeX

(C:\CTEX\MiKTeX\tex\generic\oberdiek\ltxcmds.sty
Package: ltxcmds 2010/04/26 v1.7 LaTeX kernel commands for general use (HO)
)
(C:\CTEX\MiKTeX\tex\generic\oberdiek\pdftexcmds.sty
Package: pdftexcmds 2010/04/01 v0.9 Utility functions of pdfTeX for LuaTeX (HO)


(C:\CTEX\MiKTeX\tex\generic\oberdiek\infwarerr.sty
Package: infwarerr 2010/04/08 v1.3 Providing info/warning/message (HO)
)
(C:\CTEX\MiKTeX\tex\generic\oberdiek\ifluatex.sty
Package: ifluatex 2010/03/01 v1.3 Provides the ifluatex switch (HO)
Package ifluatex Info: LuaTeX not detected.
)
Package pdftexcmds Info: LuaTeX not detected.
Package pdftexcmds Info: \pdf@primitive is available.
Package pdftexcmds Info: \pdf@ifprimitive is available.
)
(C:\CTEX\MiKTeX\tex\generic\oberdiek\kvsetkeys.sty
Package: kvsetkeys 2010/03/01 v1.9 Key value parser (HO)

(C:\CTEX\MiKTeX\tex\generic\oberdiek\etexcmds.sty
Package: etexcmds 2010/01/28 v1.3 Prefix for e-TeX command names (HO)
Package etexcmds Info: Could not find \expanded.
(etexcmds)             That can mean that you are not using pdfTeX 1.50 or
(etexcmds)             that some package has redefined \expanded.
(etexcmds)             In the latter case, load this package earlier.
))
(C:\CTEX\MiKTeX\tex\generic\oberdiek\pdfescape.sty
Package: pdfescape 2010/03/01 v1.9 Provides hex, PDF name and string conversion
s (HO)
)
(C:\CTEX\MiKTeX\tex\generic\oberdiek\ifvtex.sty
Package: ifvtex 2010/03/01 v1.5 Switches for detecting VTeX and its modes (HO)
Package ifvtex Info: VTeX not detected.
)
(C:\CTEX\MiKTeX\tex\latex\oberdiek\hycolor.sty
Package: hycolor 2009/12/12 v1.6 Color options of hyperref/bookmark (HO)

(C:\CTEX\MiKTeX\tex\latex\oberdiek\xcolor-patch.sty
Package: xcolor-patch 2009/12/12 xcolor patch
))
(C:\CTEX\MiKTeX\tex\latex\oberdiek\letltxmacro.sty
Package: letltxmacro 2008/06/24 v1.3 Let assignment for LaTeX macros (HO)
)
(C:\CTEX\MiKTeX\tex\latex\oberdiek\kvoptions.sty
Package: kvoptions 2010/02/22 v3.7 Keyval support for LaTeX options (HO)
)
\@linkdim=\dimen143
\Hy@linkcounter=\count126
\Hy@pagecounter=\count127

(C:\CTEX\MiKTeX\tex\latex\hyperref\pd1enc.def
File: pd1enc.def 2010/11/26 v6.81v Hyperref: PDFDocEncoding definition (HO)
Now handling font encoding PD1 ...
... no UTF-8 mapping file for font encoding PD1
)
(C:\CTEX\MiKTeX\tex\generic\oberdiek\intcalc.sty
Package: intcalc 2007/09/27 v1.1 Expandable integer calculations (HO)
)
\Hy@SavedSpaceFactor=\count128

(C:\CTEX\MiKTeX\tex\latex\00miktex\hyperref.cfg
File: hyperref.cfg 2002/06/06 v1.2 hyperref configuration of TeXLive
)
Package hyperref Info: Hyper figures OFF on input line 3993.
Package hyperref Info: Link nesting OFF on input line 3998.
Package hyperref Info: Hyper index ON on input line 4001.
Package hyperref Info: Plain pages OFF on input line 4008.
Package hyperref Info: Backreferencing OFF on input line 4013.
Package hyperref Info: Implicit mode ON; LaTeX internals redefined.
Package hyperref Info: Bookmarks ON on input line 4228.
\c@Hy@tempcnt=\count129

(C:\CTEX\MiKTeX\tex\latex\ltxmisc\url.sty
\Urlmuskip=\muskip11
Package: url 2006/04/12  ver 3.3  Verb mode for urls, etc.
)
LaTeX Info: Redefining \url on input line 4583.

(C:\CTEX\MiKTeX\tex\generic\oberdiek\bitset.sty
Package: bitset 2007/09/28 v1.0 Data type bit set (HO)

(C:\CTEX\MiKTeX\tex\generic\oberdiek\bigintcalc.sty
Package: bigintcalc 2007/11/11 v1.1 Expandable big integer calculations (HO)
))
\Fld@menulength=\count130
\Field@Width=\dimen144
\Fld@charsize=\dimen145
Package hyperref Info: Hyper figures OFF on input line 5667.
Package hyperref Info: Link nesting OFF on input line 5672.
Package hyperref Info: Hyper index ON on input line 5675.
Package hyperref Info: backreferencing OFF on input line 5682.
Package hyperref Info: Link coloring OFF on input line 5687.
Package hyperref Info: Link coloring with OCG OFF on input line 5692.
Package hyperref Info: PDF/A mode OFF on input line 5697.
LaTeX Info: Redefining \ref on input line 5737.
LaTeX Info: Redefining \pageref on input line 5741.

(C:\CTEX\MiKTeX\tex\generic\oberdiek\atbegshi.sty
Package: atbegshi 2010/03/25 v1.12 At begin shipout hook (HO)
)
\Hy@abspage=\count131
\c@Item=\count132
\c@Hfootnote=\count133
)

Package hyperref Message: Driver (autodetected): hpdftex.

(C:\CTEX\MiKTeX\tex\latex\hyperref\hpdftex.def
File: hpdftex.def 2010/11/26 v6.81v Hyperref driver for pdfTeX

(C:\CTEX\MiKTeX\tex\latex\oberdiek\atveryend.sty
Package: atveryend 2010/03/24 v1.5 Hooks at very end of document (HO)
Package atveryend Info: \enddocument detected (standard).
)
\Fld@listcount=\count134
\c@bookmark@seq@number=\count135

(C:\CTEX\MiKTeX\tex\latex\oberdiek\rerunfilecheck.sty
Package: rerunfilecheck 2010/03/16 v1.6 Rerun checks for auxiliary files (HO)

(C:\CTEX\MiKTeX\tex\generic\oberdiek\uniquecounter.sty
Package: uniquecounter 2009/12/18 v1.1 Provides unlimited unique counter (HO)
)
Package uniquecounter Info: New unique counter `rerunfilecheck' on input line 2
71.
)
\Hy@SectionHShift=\skip70
)
Package hyperref Info: Option `unicode' set `true' on input line 157.

(C:\CTEX\MiKTeX\tex\latex\hyperref\puenc.def
File: puenc.def 2010/11/26 v6.81v Hyperref: PDF Unicode definition (HO)
Now handling font encoding PU ...
... no UTF-8 mapping file for font encoding PU
)
Package hyperref Info: Option `CJKbookmarks' set `false' on input line 157.
Package hyperref Info: Option `bookmarksnumbered' set `true' on input line 167.

Package hyperref Info: Option `bookmarksopen' set `true' on input line 167.
Package hyperref Info: Option `breaklinks' set `true' on input line 167.
Package hyperref Info: Option `colorlinks' set `false' on input line 167.
Package hyperref Info: Option `plainpages' set `false' on input line 167.


Package hyperref Warning: Option `pdfpagelabels' has already been used,
(hyperref)                setting the option has no effect on input line 167.

\bnu@linespace=\skip71
\CJK@twochars=\skip72
\c@pcabs@footnote=\count136
\c@bnu@bookmark=\count137
\bnu@title@width=\skip73
)
(C:\Users\YJQ\Documents\GitHub\BNUGraduateThesis\bnuthesis_1.52.1\bnuthesis.cfg
File: bnuthesis.cfg 2014/03/12 1.52 Beijing Normal University Thesis Template
\c@currproofctr=\count138
\c@endproofctr=\count139
\c@proof=\count140
\c@currassumptionctr=\count141
\c@endassumptionctr=\count142
\c@assumption=\count143
\c@currdefinitionctr=\count144
\c@enddefinitionctr=\count145
\c@definition=\count146
\c@currpropositionctr=\count147
\c@endpropositionctr=\count148
\c@proposition=\count149
\c@currlemmactr=\count150
\c@endlemmactr=\count151
\c@lemma=\count152
\c@currtheoremctr=\count153
\c@endtheoremctr=\count154
\c@theorem=\count155
\c@curraxiomctr=\count156
\c@endaxiomctr=\count157
\c@axiom=\count158
\c@currcorollaryctr=\count159
\c@endcorollaryctr=\count160
\c@corollary=\count161
\c@currexercisectr=\count162
\c@endexercisectr=\count163
\c@exercise=\count164
\c@currexamplectr=\count165
\c@endexamplectr=\count166
\c@example=\count167
\c@currremarkctr=\count168
\c@endremarkctr=\count169
\c@remark=\count170
\c@currproblemctr=\count171
\c@endproblemctr=\count172
\c@problem=\count173
\c@currconjecturectr=\count174
\c@endconjecturectr=\count175
\c@conjecture=\count176
) (C:\Users\YJQ\Documents\GitHub\BNUGraduateThesis\bnuthesis_1.52.1\bnutils.sty
Package: bnutils 2014/03/12 1.52 put any packages you would like to use here
(C:\CTEX\MiKTeX\tex\latex\multirow\multirow.sty
\bigstrutjot=\dimen146
)
(C:\CTEX\MiKTeX\tex\latex\tools\tabularx.sty
Package: tabularx 1999/01/07 v2.07 `tabularx' package (DPC)
\TX@col@width=\dimen147
\TX@old@table=\dimen148
\TX@old@col=\dimen149
\TX@target=\dimen150
\TX@delta=\dimen151
\TX@cols=\count177
\TX@ftn=\toks38
)
(C:\CTEX\MiKTeX\tex\latex\float\float.sty
Package: float 2001/11/08 v1.3d Float enhancements (AL)
\c@float@type=\count178
\float@exts=\toks39
\float@box=\box33
\@float@everytoks=\toks40
\@floatcapt=\box34
)
(C:\CTEX\MiKTeX\tex\latex\tools\verbatim.sty
Package: verbatim 2003/08/22 v1.5q LaTeX2e package for verbatim enhancements
\every@verbatim=\toks41
\verbatim@line=\toks42
\verbatim@in@stream=\read1
))
(C:\CTEX\MiKTeX\tex\latex\was\gensymb.sty
Package: gensymb 2003/07/02 v1.0 (WaS)
)
(C:\Users\YJQ\Documents\GitHub\BNUGraduateThesis\bnuthesis_1.52.1\main.aux
(C:\Users\YJQ\Documents\GitHub\BNUGraduateThesis\bnuthesis_1.52.1\data/chap01.a
ux)
(C:\Users\YJQ\Documents\GitHub\BNUGraduateThesis\bnuthesis_1.52.1\data/chap02.a
ux)
(C:\Users\YJQ\Documents\GitHub\BNUGraduateThesis\bnuthesis_1.52.1\data/chap03.a
ux)
(C:\Users\YJQ\Documents\GitHub\BNUGraduateThesis\bnuthesis_1.52.1\data/chap04.a
ux)
(C:\Users\YJQ\Documents\GitHub\BNUGraduateThesis\bnuthesis_1.52.1\data/chap05.a
ux)
(C:\Users\YJQ\Documents\GitHub\BNUGraduateThesis\bnuthesis_1.52.1\data/chap06.a
ux)
(C:\Users\YJQ\Documents\GitHub\BNUGraduateThesis\bnuthesis_1.52.1\data/paper.au
x)
(C:\Users\YJQ\Documents\GitHub\BNUGraduateThesis\bnuthesis_1.52.1\data/ack.aux)
)
LaTeX Font Info:    Checking defaults for OML/txmi/m/it on input line 24.
LaTeX Font Info:    Try loading font information for OML+txmi on input line 24.

 (C:\CTEX\MiKTeX\tex\latex\txfonts\omltxmi.fd
File: omltxmi.fd 2000/12/15 v3.1
)
LaTeX Font Info:    ... okay on input line 24.
LaTeX Font Info:    Checking defaults for T1/cmr/m/n on input line 24.
LaTeX Font Info:    ... okay on input line 24.
LaTeX Font Info:    Checking defaults for OT1/cmr/m/n on input line 24.
LaTeX Font Info:    ... okay on input line 24.
LaTeX Font Info:    Checking defaults for OMS/txsy/m/n on input line 24.
LaTeX Font Info:    Try loading font information for OMS+txsy on input line 24.


(C:\CTEX\MiKTeX\tex\latex\txfonts\omstxsy.fd
File: omstxsy.fd 2000/12/15 v3.1
)
LaTeX Font Info:    ... okay on input line 24.
LaTeX Font Info:    Checking defaults for OMX/txex/m/n on input line 24.
LaTeX Font Info:    Try loading font information for OMX+txex on input line 24.


(C:\CTEX\MiKTeX\tex\latex\txfonts\omxtxex.fd
File: omxtxex.fd 2000/12/15 v3.1
)
LaTeX Font Info:    ... okay on input line 24.
LaTeX Font Info:    Checking defaults for U/txexa/m/n on input line 24.
LaTeX Font Info:    Try loading font information for U+txexa on input line 24.

(C:\CTEX\MiKTeX\tex\latex\txfonts\utxexa.fd
File: utxexa.fd 2000/12/15 v3.1
)
LaTeX Font Info:    ... okay on input line 24.
LaTeX Font Info:    Checking defaults for C00/song/m/n on input line 24.
LaTeX Font Info:    ... okay on input line 24.
LaTeX Font Info:    Checking defaults for C05/song/m/n on input line 24.
LaTeX Font Info:    ... okay on input line 24.
LaTeX Font Info:    Checking defaults for C09/song/m/n on input line 24.
LaTeX Font Info:    ... okay on input line 24.
LaTeX Font Info:    Checking defaults for C10/song/m/n on input line 24.
LaTeX Font Info:    ... okay on input line 24.
LaTeX Font Info:    Checking defaults for C20/song/m/n on input line 24.
LaTeX Font Info:    ... okay on input line 24.
LaTeX Font Info:    Checking defaults for C19/song/m/n on input line 24.
LaTeX Font Info:    ... okay on input line 24.
LaTeX Font Info:    Checking defaults for C40/song/m/n on input line 24.
LaTeX Font Info:    ... okay on input line 24.
LaTeX Font Info:    Checking defaults for C42/song/m/n on input line 24.
LaTeX Font Info:    ... okay on input line 24.
LaTeX Font Info:    Checking defaults for C43/song/m/n on input line 24.
LaTeX Font Info:    ... okay on input line 24.
LaTeX Font Info:    Checking defaults for C50/song/m/n on input line 24.
LaTeX Font Info:    ... okay on input line 24.
LaTeX Font Info:    Checking defaults for C52/song/m/n on input line 24.
LaTeX Font Info:    ... okay on input line 24.
LaTeX Font Info:    Checking defaults for C49/song/m/n on input line 24.
LaTeX Font Info:    ... okay on input line 24.
LaTeX Font Info:    Checking defaults for C60/mj/m/n on input line 24.
LaTeX Font Info:    ... okay on input line 24.
LaTeX Font Info:    Checking defaults for C61/mj/m/n on input line 24.
LaTeX Font Info:    ... okay on input line 24.
LaTeX Font Info:    Checking defaults for C63/mj/m/n on input line 24.
LaTeX Font Info:    ... okay on input line 24.
LaTeX Font Info:    Checking defaults for C64/mj/m/n on input line 24.
LaTeX Font Info:    ... okay on input line 24.
LaTeX Font Info:    Checking defaults for C65/mj/m/n on input line 24.
LaTeX Font Info:    ... okay on input line 24.
LaTeX Font Info:    Checking defaults for C70/song/m/n on input line 24.
LaTeX Font Info:    ... okay on input line 24.
LaTeX Font Info:    Checking defaults for C31/song/m/n on input line 24.
LaTeX Font Info:    ... okay on input line 24.
LaTeX Font Info:    Checking defaults for C32/song/m/n on input line 24.
LaTeX Font Info:    ... okay on input line 24.
LaTeX Font Info:    Checking defaults for C33/song/m/n on input line 24.
LaTeX Font Info:    ... okay on input line 24.
LaTeX Font Info:    Checking defaults for C34/song/m/n on input line 24.
LaTeX Font Info:    ... okay on input line 24.
LaTeX Font Info:    Checking defaults for C35/song/m/n on input line 24.
LaTeX Font Info:    ... okay on input line 24.
LaTeX Font Info:    Checking defaults for C36/song/m/n on input line 24.
LaTeX Font Info:    ... okay on input line 24.
LaTeX Font Info:    Checking defaults for C37/song/m/n on input line 24.
LaTeX Font Info:    ... okay on input line 24.
LaTeX Font Info:    Checking defaults for C80/song/m/n on input line 24.
LaTeX Font Info:    ... okay on input line 24.
LaTeX Font Info:    Checking defaults for C81/song/m/n on input line 24.
LaTeX Font Info:    ... okay on input line 24.
LaTeX Font Info:    Checking defaults for C01/song/m/n on input line 24.
LaTeX Font Info:    ... okay on input line 24.
LaTeX Font Info:    Checking defaults for C11/song/m/n on input line 24.
LaTeX Font Info:    ... okay on input line 24.
LaTeX Font Info:    Checking defaults for C21/song/m/n on input line 24.
LaTeX Font Info:    ... okay on input line 24.
LaTeX Font Info:    Checking defaults for C41/song/m/n on input line 24.
LaTeX Font Info:    ... okay on input line 24.
LaTeX Font Info:    Checking defaults for C62/song/m/n on input line 24.
LaTeX Font Info:    ... okay on input line 24.
LaTeX Font Info:    Checking defaults for PD1/pdf/m/n on input line 24.
LaTeX Font Info:    ... okay on input line 24.
LaTeX Font Info:    Checking defaults for PU/pdf/m/n on input line 24.
LaTeX Font Info:    ... okay on input line 24.
LaTeX Font Info:    Try loading font information for OT1+txr on input line 24.

(C:\CTEX\MiKTeX\tex\latex\txfonts\ot1txr.fd
File: ot1txr.fd 2000/12/15 v3.1
)<<ot1.cmap>>
(C:\CTEX\MiKTeX\tex\context\base\supp-pdf.mkii
[Loading MPS to PDF converter (version 2006.09.02).]
\scratchcounter=\count179
\scratchdimen=\dimen152
\scratchbox=\box35
\nofMPsegments=\count180
\nofMParguments=\count181
\everyMPshowfont=\toks43
\MPscratchCnt=\count182
\MPscratchDim=\dimen153
\MPnumerator=\count183
\everyMPtoPDFconversion=\toks44
)
Package caption Info: Begin \AtBeginDocument code.
Package caption3 Info: subfig package 1.2 or 1.3 is loaded.
LaTeX Info: Redefining \subref on input line 24.
Package caption Info: float package is loaded.
Package caption Info: hyperref package is loaded.
Package caption Info: longtable package is loaded.
 (C:\CTEX\MiKTeX\tex\latex\caption\ltcaption.sty
Package: ltcaption 2008/03/28 v1.2 longtable captions (AR)
)
Package caption Info: End \AtBeginDocument code.
\AtBeginShipoutBox=\box36
Package hyperref Info: Link coloring OFF on input line 24.

(C:\CTEX\MiKTeX\tex\latex\hyperref\nameref.sty
Package: nameref 2010/04/30 v2.40 Cross-referencing by name of section

(C:\CTEX\MiKTeX\tex\latex\oberdiek\refcount.sty
Package: refcount 2008/08/11 v3.1 Data extraction from references (HO)
)
(C:\CTEX\MiKTeX\tex\generic\oberdiek\gettitlestring.sty
Package: gettitlestring 2009/12/18 v1.3 Cleanup title references (HO)
)
\c@section@level=\count184
)
LaTeX Info: Redefining \ref on input line 24.
LaTeX Info: Redefining \pageref on input line 24.
LaTeX Info: Redefining \nameref on input line 24.

(C:\Users\YJQ\Documents\GitHub\BNUGraduateThesis\bnuthesis_1.52.1\main.out)
(C:\Users\YJQ\Documents\GitHub\BNUGraduateThesis\bnuthesis_1.52.1\main.out)
\@outlinefile=\write3
LaTeX Info: Redefining \celsius on input line 24.
Package gensymb Info: Faking symbols for \degree and \celsius on input line 24.



Package gensymb Warning: Not defining \perthousand.

LaTeX Info: Redefining \ohm on input line 24.
Package gensymb Info: Using \Omega for \ohm on input line 24.

Package gensymb Warning: Not defining \micro.

(C:\CTEX\MiKTeX\tex\latex\cjk\UTF8\UTF8.bdg
File: UTF8.bdg 2008/12/29 4.8.2
)
(C:\CTEX\MiKTeX\tex\latex\cjk\UTF8\UTF8.enc
File: UTF8.enc 2008/12/29 4.8.2
)
(C:\CTEX\MiKTeX\tex\latex\cjk\UTF8\UTF8.chr
File: UTF8.chr 2008/12/29 4.8.2
)
LaTeX Font Info:    Try loading font information for C70+song on input line 24.


(C:\CTEX\CTeX\tex\latex\CJK\UTF8\c70song.fd
File: c70song.fd 2009/09/23 4.8.2
)

LaTeX Warning: File c7030.cmap not found on input line 24.


(C:\Users\YJQ\Documents\GitHub\BNUGraduateThesis\bnuthesis_1.52.1\data/cover.te
x) <figures/BNU_name.pdf, id=217, 461.725pt x 124.465pt>
File: figures/BNU_name.pdf Graphic file (type pdf)

<use figures/BNU_name.pdf>
LaTeX Font Info:    Try loading font information for C70+hei on input line 32.
 (C:\CTEX\CTeX\tex\latex\CJK\UTF8\c70hei.fd
File: c70hei.fd 2009/09/23 4.8.2
)

LaTeX Warning: File c7078.cmap not found on input line 32.


LaTeX Warning: File c7058.cmap not found on input line 32.


LaTeX Warning: File c705b.cmap not found on input line 32.


LaTeX Warning: File c704f.cmap not found on input line 32.


LaTeX Warning: File c708b.cmap not found on input line 32.


LaTeX Warning: File c7065.cmap not found on input line 32.


LaTeX Warning: File c7098.cmap not found on input line 32.


LaTeX Warning: File c7076.cmap not found on input line 32.


LaTeX Warning: File c70ff.cmap not found on input line 32.


LaTeX Warning: File c7059.cmap not found on input line 32.


LaTeX Warning: File c7068.cmap not found on input line 32.


LaTeX Warning: File c7082.cmap not found on input line 32.


LaTeX Warning: File c7072.cmap not found on input line 32.


LaTeX Warning: File c706e.cmap not found on input line 32.


LaTeX Warning: File c7052.cmap not found on input line 32.


LaTeX Warning: File c7080.cmap not found on input line 32.


LaTeX Warning: File c708c.cmap not found on input line 32.


LaTeX Warning: File c705e.cmap not found on input line 32.


LaTeX Warning: File c707a.cmap not found on input line 32.


LaTeX Warning: File c7095.cmap not found on input line 32.


LaTeX Warning: File c7074.cmap not found on input line 32.


LaTeX Warning: File c709a.cmap not found on input line 32.


LaTeX Warning: File c7079.cmap not found on input line 32.


LaTeX Warning: File c7083.cmap not found on input line 32.


LaTeX Warning: File c7063.cmap not found on input line 32.


LaTeX Warning: File c707c.cmap not found on input line 32.


LaTeX Warning: File c707e.cmap not found on input line 32.


LaTeX Warning: File c7060.cmap not found on input line 32.


LaTeX Warning: File c704e.cmap not found on input line 32.


LaTeX Warning: File c7062.cmap not found on input line 32.


LaTeX Warning: File c7067.cmap not found on input line 32.


LaTeX Warning: File c7096.cmap not found on input line 32.


LaTeX Warning: File c7053.cmap not found on input line 32.


LaTeX Warning: File c7090.cmap not found on input line 32.


Underfull \hbox (badness 10000) in paragraph at lines 32--32

 []


LaTeX Warning: File c7075.cmap not found on input line 32.

[1
Non-PDF special ignored!
Non-PDF special ignored!




{C:/CTEX/UserData/pdftex/config/pdftex.map{Unicode.sfd}{UGBK.sfd}} <C:/Users/YJ
Q/Documents/GitHub/BNUGraduateThesis/bnuthesis_1.52.1/figures/BNU_name.pdf>]

LaTeX Warning: File c7066.cmap not found on input line 32.


LaTeX Warning: File c7091.cmap not found on input line 32.


LaTeX Warning: File c7054.cmap not found on input line 32.


LaTeX Warning: File c7057.cmap not found on input line 32.


LaTeX Warning: File c708f.cmap not found on input line 32.


LaTeX Warning: File c7088.cmap not found on input line 32.


LaTeX Warning: File c705d.cmap not found on input line 32.


LaTeX Warning: File c705f.cmap not found on input line 32.


LaTeX Warning: File c706c.cmap not found on input line 32.


LaTeX Warning: File c7051.cmap not found on input line 32.


LaTeX Warning: File c7064.cmap not found on input line 32.


LaTeX Warning: File c7050.cmap not found on input line 32.


LaTeX Warning: File c7089.cmap not found on input line 32.


LaTeX Warning: File c708d.cmap not found on input line 32.


LaTeX Warning: File c7073.cmap not found on input line 32.


LaTeX Warning: File c7061.cmap not found on input line 32.


LaTeX Warning: File c707b.cmap not found on input line 32.


LaTeX Warning: File c7077.cmap not found on input line 32.


LaTeX Warning: File c705c.cmap not found on input line 32.


LaTeX Warning: File c7056.cmap not found on input line 32.


LaTeX Warning: File c707f.cmap not found on input line 32.


LaTeX Warning: File c706b.cmap not found on input line 32.


LaTeX Warning: File c7025.cmap not found on input line 32.


LaTeX Warning: File c7081.cmap not found on input line 32.


LaTeX Warning: File c7097.cmap not found on input line 32.

LaTeX Font Info:    Calculating math sizes for size <12.045> on input line 32.
<<oml.cmap>><<oms.cmap>><<omx.cmap>>
LaTeX Font Info:    Try loading font information for U+txsya on input line 32.

(C:\CTEX\MiKTeX\tex\latex\txfonts\utxsya.fd
File: utxsya.fd 2000/12/15 v3.1
)

LaTeX Warning: File u.cmap not found on input line 32.

LaTeX Font Info:    Try loading font information for U+txsyb on input line 32.
(C:\CTEX\MiKTeX\tex\latex\txfonts\utxsyb.fd
File: utxsyb.fd 2000/12/15 v3.1
)
LaTeX Font Info:    Try loading font information for U+txmia on input line 32.

(C:\CTEX\MiKTeX\tex\latex\txfonts\utxmia.fd
File: utxmia.fd 2000/12/15 v3.1
)
LaTeX Font Info:    Try loading font information for U+txsyc on input line 32.

(C:\CTEX\MiKTeX\tex\latex\txfonts\utxsyc.fd
File: utxsyc.fd 2000/12/15 v3.1
) [2

]
LaTeX Font Info:    Try loading font information for OT1+txss on input line 32.


(C:\CTEX\MiKTeX\tex\latex\txfonts\ot1txss.fd
File: ot1txss.fd 2000/12/15 v3.1
)
LaTeX Font Info:    Font shape `OT1/txss/m/n' will be
(Font)              scaled to size 11.4427pt on input line 32.
LaTeX Font Info:    Font shape `OT1/txss/m/n' will be
(Font)              scaled to size 15.25694pt on input line 32.


LaTeX Warning: File c706d.cmap not found on input line 32.


LaTeX Warning: File c706a.cmap not found on input line 32.


LaTeX Warning: File c7099.cmap not found on input line 32.


LaTeX Warning: File c7086.cmap not found on input line 32.


LaTeX Warning: File c7070.cmap not found on input line 32.


LaTeX Warning: File c707d.cmap not found on input line 32.


LaTeX Warning: File c706f.cmap not found on input line 32.

pdfTeX warning (ext4): destination with the same identifier (name{page.I}) has 
been already used, duplicate ignored
<to be read again> 
                   \relax 
l.32 \makecover
                [1




]pdfTeX warning (ext4): destination with the same identifier (name{page.II}) ha
s been already used, duplicate ignored
<to be read again> 
                   \relax 
l.32 \makecover
                [2] [3


] [4]
(C:\Users\YJQ\Documents\GitHub\BNUGraduateThesis\bnuthesis_1.52.1\main.toc

LaTeX Warning: File c708a.cmap not found on input line 5.

[5


]
Underfull \hbox (badness 5652) in paragraph at lines 39--39
 [][] [][]\C70/hei/m/n/12.045/80  \C70/hei/m/n/12.045/86 Q \C70/hei/m/n/12.045
/68 8 \C70/hei/m/n/12.045/51  \C70/hei/m/n/12.045/6a ! \C70/hei/m/n/12.045/57 
W \C70/hei/m/n/12.045/76  \C70/hei/m/n/12.045/4e  \C70/hei/m/n/12.045/5f q \C
70/hei/m/n/12.045/54  \C70/hei/m/n/12.045/76  \C70/hei/m/n/12.045/65 9 \C70/h
ei/m/n/12.045/82 o \C70/hei/m/n/12.045/68 8 \C70/hei/m/n/12.045/7e  \C70/hei/m
/n/12.045/70  \C70/hei/m/n/12.045/52  \C70/hei/m/n/12.045/67  \C70/hei/m/n/1
2.045/65  \C70/hei/m/n/12.045/6c  \C70/hei/m/n/12.045/ff  \C70/hei/m/n/12.04
5/7b  
 []


LaTeX Warning: File c7094.cmap not found on input line 43.

)
\tf@toc=\write4
 [6]
(C:\Users\YJQ\Documents\GitHub\BNUGraduateThesis\bnuthesis_1.52.1\main.lof)
\tf@lof=\write5

[7


] (C:\Users\YJQ\Documents\GitHub\BNUGraduateThesis\bnuthesis_1.52.1\main.lot)
\tf@lot=\write6
[8


]
(C:\Users\YJQ\Documents\GitHub\BNUGraduateThesis\bnuthesis_1.52.1\data/chap01.t
ex
LaTeX Font Info:    Font shape `OT1/txss/m/n' will be
(Font)              scaled to size 13.34981pt on input line 13.


LaTeX Warning: File c7071.cmap not found on input line 16.


LaTeX Warning: File c7092.cmap not found on input line 17.

[1



]
Underfull \vbox (badness 10000) has occurred while \output is active []

 [2])
Underfull \vbox (badness 10000) has occurred while \output is active []

 [3]
(C:\Users\YJQ\Documents\GitHub\BNUGraduateThesis\bnuthesis_1.52.1\data/chap02.t
ex
Package hyperref Info: bookmark level for unknown equation defaults to 0 on inp
ut line 24.


LaTeX Warning: File c708e.cmap not found on input line 29.

[4



]

LaTeX Warning: File c709e.cmap not found on input line 49.

LaTeX Font Info:    Calculating math sizes for size <11.04124> on input line 51
.
LaTeX Font Info:    Font shape `OT1/txss/m/n' will be
(Font)              scaled to size 12.39626pt on input line 75.

Underfull \vbox (badness 10000) has occurred while \output is active []

 [5]

LaTeX Warning: File ot165.cmap not found on input line 96.


Underfull \vbox (badness 10000) has occurred while \output is active []

 [6]
<figures/Visio-VS-TALK.pdf, id=740, 597.45204pt x 845.1575pt>
File: figures/Visio-VS-TALK.pdf Graphic file (type pdf)

<use figures/Visio-VS-TALK.pdf>
Underfull \vbox (badness 10000) has occurred while \output is active []


Underfull \vbox (badness 10000) has occurred while \output is active []

 [7]
Underfull \vbox (badness 10000) has occurred while \output is active []

 [8 <C:/Users/YJQ/Documents/GitHub/BNUGraduateThesis/bnuthesis_1.52.1/figures/V
isio-VS-TALK.pdf>] <figures/POWER-CMP.png, id=841, 682.7106pt x 397.9668pt>
File: figures/POWER-CMP.png Graphic file (type png)

<use figures/POWER-CMP.png>
<figures/TEMP-CMP.png, id=843, 683.1924pt x 398.4486pt>
File: figures/TEMP-CMP.png Graphic file (type png)

<use figures/TEMP-CMP.png>
Underfull \vbox (badness 10000) has occurred while \output is active []

 [9]
Underfull \vbox (badness 10000) has occurred while \output is active []

 [10 <C:/Users/YJQ/Documents/GitHub/BNUGraduateThesis/bnuthesis_1.52.1/figures/
POWER-CMP.png> <C:/Users/YJQ/Documents/GitHub/BNUGraduateThesis/bnuthesis_1.52.
1/figures/TEMP-CMP.png>]
Underfull \vbox (badness 10000) has occurred while \output is active []

 [11]

LaTeX Warning: Command \textellipsis invalid in math mode on input line 170.


LaTeX Warning: Command \textellipsis invalid in math mode on input line 170.

)
Underfull \vbox (badness 10000) has occurred while \output is active []

 [12]
Underfull \vbox (badness 10000) has occurred while \output is active []

 [13]
(C:\Users\YJQ\Documents\GitHub\BNUGraduateThesis\bnuthesis_1.52.1\data/chap03.t
ex <figures/VP-TALK-POWER-CMP.png, id=897, 682.7106pt x 398.4486pt>
File: figures/VP-TALK-POWER-CMP.png Graphic file (type png)

<use figures/VP-TALK-POWER-CMP.png>
<figures/VP-TALK-TEMP-CMP.png, id=898, 682.7106pt x 398.4486pt>
File: figures/VP-TALK-TEMP-CMP.png Graphic file (type png)

<use figures/VP-TALK-TEMP-CMP.png>
Underfull \vbox (badness 10000) has occurred while \output is active []

 [14



]
Underfull \hbox (badness 6110) in paragraph at lines 29--31
[]\C70/song/m/n/12.045/4e  \C70/song/m/n/12.045/56 []\OT1/txr/m/n/12.045 3.1[
]\C70/song/m/n/12.045/53  \C70/song/m/n/12.045/4e  \C70/song/m/n/12.045/77  
\C70/song/bx/n/12.045/51  \C70/song/m/n/12.045/ff  \C70/song/m/n/12.045/5b  
\C70/song/m/n/12.045/4e  \C70/song/m/n/12.045/80   \C70/song/m/n/12.045/ff 
 \C70/song/m/n/12.045/5f S \C70/song/m/n/12.045/8d  \C70/song/m/n/12.045/8f } 
\C70/song/m/n/12.045/73  \C70/song/m/n/12.045/5c  \C70/song/m/n/12.045/4e \O
T1/txr/m/n/12.045 55%\C70/song/m/n/12.045/65  \C70/song/m/n/12.045/ff \OT1/tx
r/m/n/12.045 VP-TALk\C70/song/m/n/12.045/4f 
 []


Underfull \vbox (badness 10000) has occurred while \output is active []

 [15 <C:/Users/YJQ/Documents/GitHub/BNUGraduateThesis/bnuthesis_1.52.1/figures/
VP-TALK-POWER-CMP.png> <C:/Users/YJQ/Documents/GitHub/BNUGraduateThesis/bnuthes
is_1.52.1/figures/VP-TALK-TEMP-CMP.png>]
<figures/DPTM-SOURCE-ALG-POWER-CMP.jpg, id=921, 4549.24594pt x 2662.69781pt>
File: figures/DPTM-SOURCE-ALG-POWER-CMP.jpg Graphic file (type jpg)

<use figures/DPTM-SOURCE-ALG-POWER-CMP.jpg>
<figures/DPTM-SOURCE-ALG-TEMP-CMP.jpg, id=922, 5495.53125pt x 2707.11375pt>
File: figures/DPTM-SOURCE-ALG-TEMP-CMP.jpg Graphic file (type jpg)

<use figures/DPTM-SOURCE-ALG-TEMP-CMP.jpg>
Underfull \vbox (badness 10000) has occurred while \output is active []


Underfull \vbox (badness 10000) has occurred while \output is active []

 [16]
<figures/DPTM-IDEAL-POWER-CMP.jpg, id=927, 3733.19719pt x 2298.33656pt>
File: figures/DPTM-IDEAL-POWER-CMP.jpg Graphic file (type jpg)

<use figures/DPTM-IDEAL-POWER-CMP.jpg>
<figures/DPTM-IDEAL-TEMP-CMP.jpg, id=928, 3968.07469pt x 2297.58376pt>
File: figures/DPTM-IDEAL-TEMP-CMP.jpg Graphic file (type jpg)

<use figures/DPTM-IDEAL-TEMP-CMP.jpg>
Underfull \vbox (badness 10000) has occurred while \output is active []


Underfull \vbox (badness 10000) has occurred while \output is active []

 [17 <C:/Users/YJQ/Documents/GitHub/BNUGraduateThesis/bnuthesis_1.52.1/figures/
DPTM-SOURCE-ALG-POWER-CMP.jpg> <C:/Users/YJQ/Documents/GitHub/BNUGraduateThesis
/bnuthesis_1.52.1/figures/DPTM-SOURCE-ALG-TEMP-CMP.jpg>]
Underfull \vbox (badness 10000) has occurred while \output is active []

 [18 <C:/Users/YJQ/Documents/GitHub/BNUGraduateThesis/bnuthesis_1.52.1/figures/
DPTM-IDEAL-POWER-CMP.jpg> <C:/Users/YJQ/Documents/GitHub/BNUGraduateThesis/bnut
hesis_1.52.1/figures/DPTM-IDEAL-TEMP-CMP.jpg>]
Underfull \vbox (badness 10000) has occurred while \output is active []

 [19])
Underfull \vbox (badness 10000) has occurred while \output is active []

 [20]
(C:\Users\YJQ\Documents\GitHub\BNUGraduateThesis\bnuthesis_1.52.1\data/chap04.t
ex <figures/CPUDispersePackage.png, id=965, 246.0465pt x 184.9455pt>
File: figures/CPUDispersePackage.png Graphic file (type png)

<use figures/CPUDispersePackage.png>

LaTeX Warning: File c7085.cmap not found on input line 25.

[21



 <C:/Users/YJQ/Documents/GitHub/BNUGraduateThesis/bnuthesis_1.52.1/figures/CPUD
ispersePackage.png>]
<figures/IntelFCLG10Package.png, id=977, 731.73375pt x 213.79875pt>
File: figures/IntelFCLG10Package.png Graphic file (type png)

<use figures/IntelFCLG10Package.png>
Underfull \vbox (badness 10000) has occurred while \output is active []

 [22 <C:/Users/YJQ/Documents/GitHub/BNUGraduateThesis/bnuthesis_1.52.1/figures/
IntelFCLG10Package.png>] <figures/EV6.jpg, id=995, 1279.02844pt x 1247.41031pt>
File: figures/EV6.jpg Graphic file (type jpg)

<use figures/EV6.jpg>
Underfull \vbox (badness 10000) has occurred while \output is active []

 [23 <C:/Users/YJQ/Documents/GitHub/BNUGraduateThesis/bnuthesis_1.52.1/figures/
EV6.jpg>]
<figures/HOTSPOT-MODEL.png, id=1008, 740.0147pt x 470.50781pt>
File: figures/HOTSPOT-MODEL.png Graphic file (type png)

<use figures/HOTSPOT-MODEL.png>
<figures/EV6-GRID-TEM-SURF.png, id=1009, 721.19438pt x 566.86781pt>
File: figures/EV6-GRID-TEM-SURF.png Graphic file (type png)

<use figures/EV6-GRID-TEM-SURF.png>
Underfull \vbox (badness 10000) has occurred while \output is active []


Underfull \vbox (badness 10000) has occurred while \output is active []

 [24 <C:/Users/YJQ/Documents/GitHub/BNUGraduateThesis/bnuthesis_1.52.1/figures/
HOTSPOT-MODEL.png>] <figures/TP-ITERATION.jpg, id=1023, 467.346pt x 331.9602pt>
File: figures/TP-ITERATION.jpg Graphic file (type jpg)

<use figures/TP-ITERATION.jpg>
Underfull \vbox (badness 10000) has occurred while \output is active []

 [25 <C:/Users/YJQ/Documents/GitHub/BNUGraduateThesis/bnuthesis_1.52.1/figures/
EV6-GRID-TEM-SURF.png (PNG copy)>]
Underfull \vbox (badness 10000) has occurred while \output is active []

 [26 <C:/Users/YJQ/Documents/GitHub/BNUGraduateThesis/bnuthesis_1.52.1/figures/
TP-ITERATION.jpg>] <figures/MULTICORE-TEMP-MODEL.png, id=1040, 537.6888pt x 249
.0906pt>
File: figures/MULTICORE-TEMP-MODEL.png Graphic file (type png)

<use figures/MULTICORE-TEMP-MODEL.png>
Underfull \vbox (badness 10000) has occurred while \output is active []


Underfull \vbox (badness 10000) has occurred while \output is active []

 [27]
Underfull \vbox (badness 10000) has occurred while \output is active []

 [28 <C:/Users/YJQ/Documents/GitHub/BNUGraduateThesis/bnuthesis_1.52.1/figures/
MULTICORE-TEMP-MODEL.png>]
Underfull \hbox (badness 3118) in paragraph at lines 184--186
\C70/song/m/n/12.045/4e  \C70/song/m/n/12.045/5f []\OT1/txr/m/n/12.045 4-11[]
\C70/song/m/n/12.045/53  \C70/song/m/n/12.045/77  \C70/song/m/n/12.045/ff \O
T1/txr/m/n/12.045 BlockInsideCoreTAM\C70/song/m/n/12.045/65  \C70/song/m/n/12.
045/6c  \C70/song/bx/n/12.045/76  \C70/song/m/n/12.045/7b  \C70/song/m/n/12.
045/6c  \C70/song/m/n/12.045/59  \C70/song/bx/n/12.045/67 B \C70/song/m/n/12.
045/5e  \C70/song/m/n/12.045/4e :$\OML/txmi/m/it/12.045 O\OT1/txr/m/n/12.045 (
\OML/txmi/m/it/12.045 n[] \OT1/txr/m/n/12.045 + (\OML/txmi/m/it/12.045 m[] \OMS
/txsy/m/n/12.045   \OT1/txr/m/n/12.045 1)\OML/txmi/m/it/12.045 n\OT1/txr/m/n/12
.045 )$\C70/song/m/n/12.045/30 
 []


Underfull \hbox (badness 6741) in paragraph at lines 184--186
\OT1/txr/m/n/12.045 Block-In-sid-eCore-TAM\C70/song/bx/n/12.045/76  \C70/song/
m/n/12.045/8b  \C70/song/m/n/12.045/7b  \C70/song/m/n/12.045/59  \C70/song/b
x/n/12.045/67 B \C70/song/m/n/12.045/5e  \C70/song/m/n/12.045/4e  \OT1/txr/m
/n/12.045 CoreTAM\C70/song/m/n/12.045/54 \OT1/txr/m/n/12.045 BlockTAM\C70/song
/m/n/12.045/4e K \C70/song/m/n/12.045/95  \C70/song/m/n/12.045/ff  \C70/song/
m/n/12.045/5f S$\OML/txmi/m/it/12.045 m \OMS/txsy/m/n/12.045 
 []

)
Underfull \vbox (badness 10000) has occurred while \output is active []

 [29]
(C:\Users\YJQ\Documents\GitHub\BNUGraduateThesis\bnuthesis_1.52.1\data/chap05.t
ex

LaTeX Warning: File c7084.cmap not found on input line 15.

<figures/Core-i7-3960X.jpg, id=1084, 416.538pt x 408.654pt>
File: figures/Core-i7-3960X.jpg Graphic file (type jpg)

<use figures/Core-i7-3960X.jpg>
Underfull \vbox (badness 2142) has occurred while \output is active []

 [30



]
<figures/InnerCore-Core-i7-3960X.png, id=1092, 697.60625pt x 352.31625pt>
File: figures/InnerCore-Core-i7-3960X.png Graphic file (type png)

<use figures/InnerCore-Core-i7-3960X.png>
Underfull \vbox (badness 10000) has occurred while \output is active []


Underfull \vbox (badness 10000) has occurred while \output is active []

 [31 <C:/Users/YJQ/Documents/GitHub/BNUGraduateThesis/bnuthesis_1.52.1/figures/
Core-i7-3960X.jpg>]
Underfull \vbox (badness 10000) has occurred while \output is active []

 [32 <C:/Users/YJQ/Documents/GitHub/BNUGraduateThesis/bnuthesis_1.52.1/figures/
InnerCore-Core-i7-3960X.png (PNG copy)>]
Underfull \hbox (badness 1077) in paragraph at lines 52--53
\C70/song/m/n/12.045/5c  \C70/song/m/n/12.045/4e \OT1/txr/m/n/12.045 3.7%\C70
/song/m/n/12.045/ff \OT1/txr/m/n/12.045 CorTAM\C70/song/bx/n/12.045/76  \C70/
song/m/n/12.045/7c  \C70/song/m/n/12.045/5e  \C70/song/bx/n/12.045/67   \C70/
song/m/n/12.045/4f N \C70/song/m/n/12.045/ff  \C70/song/m/n/12.045/5e s \C70/s
ong/m/n/12.045/57 G \C70/song/m/n/12.045/8b  \C70/song/m/n/12.045/5d  \C70/so
ng/m/n/12.045/8f  \C70/song/m/n/12.045/52 0\OT1/txr/m/n/12.045 25%\C70/song/m/
n/12.045/ff  \C70/song/bx/n/12.045/67   \C70/song/m/n/12.045/59 ' \C70/song/m/
n/12.045/8b  \C70/song/m/n/12.045/5d  \C70/song/m/n/12.045/8f  \C70/song/m/n
/12.045/52 0\OT1/txr/m/n/12.045 35%\C70/song/m/n/12.045/30  \C70/song/m/n/12.0
45/56 
 []


Underfull \vbox (badness 10000) has occurred while \output is active []

 [33]
<figures/EX1-PLK-ERROR.png, id=1130, 700.0554pt x 401.8212pt>
File: figures/EX1-PLK-ERROR.png Graphic file (type png)

<use figures/EX1-PLK-ERROR.png>
<figures/EX1-TEMP-ERROR.png, id=1131, 671.6292pt x 364.2408pt>
File: figures/EX1-TEMP-ERROR.png Graphic file (type png)

<use figures/EX1-TEMP-ERROR.png>
Underfull \vbox (badness 10000) has occurred while \output is active []


Underfull \vbox (badness 10000) has occurred while \output is active []

 [34]
Underfull \vbox (badness 10000) has occurred while \output is active []


Underfull \vbox (badness 10000) has occurred while \output is active []

 [35 <C:/Users/YJQ/Documents/GitHub/BNUGraduateThesis/bnuthesis_1.52.1/figures/
EX1-PLK-ERROR.png>]
Underfull \vbox (badness 10000) has occurred while \output is active []

 [36 <C:/Users/YJQ/Documents/GitHub/BNUGraduateThesis/bnuthesis_1.52.1/figures/
EX1-TEMP-ERROR.png>])
Underfull \vbox (badness 10000) has occurred while \output is active []

 [37]
(C:\Users\YJQ\Documents\GitHub\BNUGraduateThesis\bnuthesis_1.52.1\data/chap06.t
ex
Underfull \hbox (badness 10000) in paragraph at lines 26--27
[]\C70/song/m/n/12.045/5b  \C70/song/m/n/12.045/68 8 \C70/song/m/n/12.045/65 p
 \C70/song/m/n/12.045/8f  \C70/song/m/n/12.045/59 \OT1/txr/m/n/12.045 MPSoC\C
70/song/m/n/12.045/8f  \C70/song/m/n/12.045/88 L \C70/song/m/n/12.045/5c @ \C7
0/song/m/n/12.045/90  \C70/song/m/n/12.045/70   \C70/song/m/n/12.045/6e ) \C
70/song/m/n/12.045/5e  \C70/song/m/n/12.045/52  \C70/song/bx/n/12.045/67  \C
70/song/bx/n/12.045/76  \C70/song/m/n/12.045/65  \C70/song/m/n/12.045/50  \C
70/song/m/n/12.045/ff  \OT1/txr/m/n/12.045 Block-
 []

[38



]
Underfull \hbox (badness 10000) in paragraph at lines 28--29
[]\C70/song/m/n/12.045/4e  \C70/song/m/n/12.045/60 ; \C70/song/m/n/12.045/4f S
 \C70/song/m/n/12.045/65 H \C70/song/bx/n/12.045/67  e \C70/song/m/n/12.045/77
  \C70/song/m/n/12.045/ff  \C70/song/m/n/12.045/57 ( \C70/song/bx/n/12.045/67
 , \C70/song/m/n/12.045/65  \C70/song/m/n/12.045/62 @ \C70/song/bx/n/12.045/63
  \C70/song/bx/n/12.045/51  \C70/song/m/n/12.045/4e 	 \C70/song/m/n/12.045/79
  \C70/song/m/n/12.045/5e  \C70/song/m/n/12.045/6a ! \C70/song/m/n/12.045/52 
 \C70/song/bx/n/12.045/67  \C70/song/m/n/12.045/65  \C70/song/m/n/12.045/6c 

 []


LaTeX Warning: File c7055.cmap not found on input line 32.


Underfull \vbox (badness 10000) has occurred while \output is active []

 [39])
Underfull \vbox (badness 10000) has occurred while \output is active []

 [40]
(C:\Users\YJQ\Documents\GitHub\BNUGraduateThesis\bnuthesis_1.52.1\main.bbl
[41



]
Underfull \vbox (badness 10000) has occurred while \output is active []

 [42]

LaTeX Warning: File c705a.cmap not found on input line 233.


Underfull \vbox (badness 10000) has occurred while \output is active []

 [43])
Underfull \vbox (badness 10000) has occurred while \output is active []

 [44]
(C:\Users\YJQ\Documents\GitHub\BNUGraduateThesis\bnuthesis_1.52.1\data/paper.te
x
Underfull \hbox (badness 1019) in paragraph at lines 7--8
[]\OT1/txr/m/n/12.045 Jiaqi Yan, Zuy-ing Lu-o, Liang Tang:\C70/song/m/n/12.045/
30 
\OT1/txr/m/n/12.045 Accurate Architecture-level Ther-mal Anal-y-sis
 []

) [45



]
(C:\Users\YJQ\Documents\GitHub\BNUGraduateThesis\bnuthesis_1.52.1\data/ack.tex

LaTeX Warning: File c709f.cmap not found on input line 27.


LaTeX Warning: File ot161.cmap not found on input line 31.

[46




])
Underfull \vbox (badness 10000) has occurred while \output is active []

 [47]
\tf@thm=\write7
Package atveryend Info: Empty hook `BeforeClearDocument' on input line 73.
Package atveryend Info: Empty hook `AfterLastShipout' on input line 73.

(C:\Users\YJQ\Documents\GitHub\BNUGraduateThesis\bnuthesis_1.52.1\main.aux
(C:\Users\YJQ\Documents\GitHub\BNUGraduateThesis\bnuthesis_1.52.1\data/chap01.a
ux)
(C:\Users\YJQ\Documents\GitHub\BNUGraduateThesis\bnuthesis_1.52.1\data/chap02.a
ux)
(C:\Users\YJQ\Documents\GitHub\BNUGraduateThesis\bnuthesis_1.52.1\data/chap03.a
ux)
(C:\Users\YJQ\Documents\GitHub\BNUGraduateThesis\bnuthesis_1.52.1\data/chap04.a
ux)
(C:\Users\YJQ\Documents\GitHub\BNUGraduateThesis\bnuthesis_1.52.1\data/chap05.a
ux)
(C:\Users\YJQ\Documents\GitHub\BNUGraduateThesis\bnuthesis_1.52.1\data/chap06.a
ux)
(C:\Users\YJQ\Documents\GitHub\BNUGraduateThesis\bnuthesis_1.52.1\data/paper.au
x)
(C:\Users\YJQ\Documents\GitHub\BNUGraduateThesis\bnuthesis_1.52.1\data/ack.aux)
)
Package atveryend Info: Executing hook `AtVeryEndDocument' on input line 73.
Package rerunfilecheck Info: File `main.out' has not changed.
(rerunfilecheck)             Checksum: 427A0686826CFCC582FC0EB4B61E1858;9479.
 ) 
Here is how much of TeX's memory you used:
 16123 strings out of 495362
 230144 string characters out of 3184024
 309956 words of memory out of 3000000
 17877 multiletter control sequences out of 15000+200000
 192237 words of font info for 578 fonts, out of 3000000 for 9000
 15 hyphenation exceptions out of 8191
 51i,9n,44p,1491b,2092s stack positions out of 5000i,500n,10000p,200000b,50000s
<C:/CTEX/CTeX/fonts/truetype/chinese/simsun.ttf><C:/CTEX/CTeX/fonts/truetype/
chinese/simsun.ttf><C:/CTEX/CTeX/fonts/truetype/chinese/simsun.ttf><C:/CTEX/CTe
X/fonts/truetype/chinese/simsun.ttf><C:/CTEX/CTeX/fonts/truetype/chinese/simsun
.ttf><C:/CTEX/CTeX/fonts/truetype/chinese/simsun.ttf><C:/CTEX/CTeX/fonts/truety
pe/chinese/simsun.ttf><C:/CTEX/CTeX/fonts/truetype/chinese/simsun.ttf><C:/CTEX/
CTeX/fonts/truetype/chinese/simsun.ttf><C:/CTEX/CTeX/fonts/truetype/chinese/sim
sun.ttf><C:/CTEX/CTeX/fonts/truetype/chinese/simsun.ttf>{C:/CTEX/MiKTeX/fonts/e
nc/dvips/fontname/8r.enc}<C:/Windows/Fonts/simhei.ttf><C:/Windows/Fonts/simhei.
ttf><C:/Windows/Fonts/simhei.ttf><C:/Windows/Fonts/simhei.ttf><C:/Windows/Fonts
/simhei.ttf><C:/Windows/Fonts/simhei.ttf><C:/Windows/Fonts/simhei.ttf><C:/Windo
ws/Fonts/simhei.ttf><C:/Windows/Fonts/simhei.ttf><C:/Windows/Fonts/simhei.ttf><
C:/Windows/Fonts/simhei.ttf><C:/Windows/Fonts/simhei.ttf><C:/Windows/Fonts/simh
ei.ttf><C:/Windows/Fonts/simhei.ttf><C:/Windows/Fonts/simhei.ttf><C:/Windows/Fo
nts/simhei.ttf><C:/Windows/Fonts/simhei.ttf><C:/Windows/Fonts/simhei.ttf><C:/Wi
ndows/Fonts/simhei.ttf><C:/Windows/Fonts/simhei.ttf><C:/Windows/Fonts/simhei.tt
f><C:/Windows/Fonts/simhei.ttf><C:/Windows/Fonts/simhei.ttf><C:/Windows/Fonts/s
imhei.ttf><C:/Windows/Fonts/simhei.ttf><C:/Windows/Fonts/simhei.ttf><C:/Windows
/Fonts/simhei.ttf><C:/Windows/Fonts/simhei.ttf><C:/Windows/Fonts/simhei.ttf><C:
/Windows/Fonts/simhei.ttf><C:/Windows/Fonts/simhei.ttf><C:/Windows/Fonts/simhei
.ttf><C:/Windows/Fonts/simhei.ttf><C:/Windows/Fonts/simhei.ttf><C:/Windows/Font
s/simhei.ttf><C:/Windows/Fonts/simhei.ttf><C:/Windows/Fonts/simhei.ttf><C:/Wind
ows/Fonts/simhei.ttf><C:/Windows/Fonts/simhei.ttf><C:/Windows/Fonts/simhei.ttf>
<C:/Windows/Fonts/simhei.ttf><C:/Windows/Fonts/simhei.ttf><C:/Windows/Fonts/sim
hei.ttf><C:/Windows/Fonts/simhei.ttf><C:/Windows/Fonts/simhei.ttf><C:/Windows/F
onts/simhei.ttf><C:/Windows/Fonts/simhei.ttf><C:/Windows/Fonts/simhei.ttf><C:/W
indows/Fonts/simhei.ttf><C:/CTEX/CTeX/fonts/truetype/chinese/simsun.ttf><C:/CTE
X/CTeX/fonts/truetype/chinese/simsun.ttf><C:/CTEX/CTeX/fonts/truetype/chinese/s
imsun.ttf><C:/CTEX/CTeX/fonts/truetype/chinese/simsun.ttf><C:/CTEX/CTeX/fonts/t
ruetype/chinese/simsun.ttf><C:/CTEX/CTeX/fonts/truetype/chinese/simsun.ttf><C:/
CTEX/CTeX/fonts/truetype/chinese/simsun.ttf><C:/Windows/Fonts/simhei.ttf><C:/Wi
ndows/Fonts/simhei.ttf><C:/CTEX/CTeX/fonts/truetype/chinese/simsun.ttf><C:/CTEX
/CTeX/fonts/truetype/chinese/simsun.ttf><C:/CTEX/CTeX/fonts/truetype/chinese/si
msun.ttf><C:/CTEX/CTeX/fonts/truetype/chinese/simsun.ttf><C:/CTEX/CTeX/fonts/tr
uetype/chinese/simsun.ttf><C:/CTEX/CTeX/fonts/truetype/chinese/simsun.ttf><C:/C
TEX/CTeX/fonts/truetype/chinese/simsun.ttf><C:/CTEX/CTeX/fonts/truetype/chinese
/simsun.ttf><C:/CTEX/CTeX/fonts/truetype/chinese/simsun.ttf><C:/CTEX/CTeX/fonts
/truetype/chinese/simsun.ttf><C:/CTEX/CTeX/fonts/truetype/chinese/simsun.ttf><C
:/CTEX/CTeX/fonts/truetype/chinese/simsun.ttf><C:/CTEX/CTeX/fonts/truetype/chin
ese/simsun.ttf><C:/CTEX/CTeX/fonts/truetype/chinese/simsun.ttf><C:/CTEX/CTeX/fo
nts/truetype/chinese/simsun.ttf><C:/CTEX/CTeX/fonts/truetype/chinese/simsun.ttf
><C:/CTEX/CTeX/fonts/truetype/chinese/simsun.ttf><C:/CTEX/CTeX/fonts/truetype/c
hinese/simsun.ttf><C:/CTEX/CTeX/fonts/truetype/chinese/simsun.ttf><C:/CTEX/CTeX
/fonts/truetype/chinese/simsun.ttf><C:/CTEX/CTeX/fonts/truetype/chinese/simsun.
ttf><C:/CTEX/CTeX/fonts/truetype/chinese/simsun.ttf><C:/CTEX/CTeX/fonts/truetyp
e/chinese/simsun.ttf><C:/CTEX/CTeX/fonts/truetype/chinese/simsun.ttf><C:/CTEX/C
TeX/fonts/truetype/chinese/simsun.ttf><C:/CTEX/CTeX/fonts/truetype/chinese/sims
un.ttf><C:/CTEX/CTeX/fonts/truetype/chinese/simsun.ttf><C:/CTEX/CTeX/fonts/true
type/chinese/simsun.ttf><C:/Windows/Fonts/simhei.ttf><C:/Windows/Fonts/simhei.t
tf><C:/Windows/Fonts/simhei.ttf><C:/Windows/Fonts/simhei.ttf><C:/Windows/Fonts/
simhei.ttf><C:/Windows/Fonts/simhei.ttf><C:/Windows/Fonts/simhei.ttf><C:/Window
s/Fonts/simhei.ttf><C:/CTEX/CTeX/fonts/truetype/chinese/simsun.ttf><C:/CTEX/CTe
X/fonts/truetype/chinese/simsun.ttf><C:/CTEX/CTeX/fonts/truetype/chinese/simsun
.ttf><C:/CTEX/CTeX/fonts/truetype/chinese/simsun.ttf><C:/CTEX/CTeX/fonts/truety
pe/chinese/simsun.ttf><C:/CTEX/CTeX/fonts/truetype/chinese/simsun.ttf><C:/CTEX/
CTeX/fonts/truetype/chinese/simsun.ttf><C:/CTEX/CTeX/fonts/truetype/chinese/sim
sun.ttf><C:/CTEX/CTeX/fonts/truetype/chinese/simsun.ttf><C:/CTEX/CTeX/fonts/tru
etype/chinese/simsun.ttf><C:/CTEX/CTeX/fonts/truetype/chinese/simsun.ttf><C:/CT
EX/CTeX/fonts/truetype/chinese/simsun.ttf><C:/CTEX/CTeX/fonts/truetype/chinese/
simsun.ttf><C:/CTEX/CTeX/fonts/truetype/chinese/simsun.ttf><C:/CTEX/CTeX/fonts/
truetype/chinese/simsun.ttf><C:/CTEX/CTeX/fonts/truetype/chinese/simsun.ttf><C:
/CTEX/CTeX/fonts/truetype/chinese/simsun.ttf><C:/CTEX/CTeX/fonts/truetype/chine
se/simsun.ttf><C:/CTEX/CTeX/fonts/truetype/chinese/simsun.ttf><C:/CTEX/CTeX/fon
ts/truetype/chinese/simsun.ttf><C:/CTEX/CTeX/fonts/truetype/chinese/simsun.ttf>
<C:/CTEX/CTeX/fonts/truetype/chinese/simsun.ttf><C:/CTEX/CTeX/fonts/truetype/ch
inese/simsun.ttf><C:/CTEX/CTeX/fonts/truetype/chinese/simsun.ttf><C:/CTEX/CTeX/
fonts/truetype/chinese/simsun.ttf><C:/CTEX/CTeX/fonts/truetype/chinese/simsun.t
tf><C:/CTEX/CTeX/fonts/truetype/chinese/simsun.ttf><C:/CTEX/CTeX/fonts/truetype
/chinese/simsun.ttf><C:/CTEX/CTeX/fonts/truetype/chinese/simsun.ttf><C:/CTEX/CT
eX/fonts/truetype/chinese/simsun.ttf><C:/CTEX/CTeX/fonts/truetype/chinese/simsu
n.ttf><C:/CTEX/CTeX/fonts/truetype/chinese/simsun.ttf><C:/CTEX/CTeX/fonts/truet
ype/chinese/simsun.ttf><C:/Windows/Fonts/simhei.ttf><C:/Windows/Fonts/simhei.tt
f><C:/Windows/Fonts/simhei.ttf><C:/Windows/Fonts/simhei.ttf><C:/Windows/Fonts/s
imhei.ttf><C:/Windows/Fonts/simhei.ttf><C:/CTEX/MiKTeX/fonts/type1/public/txfon
ts/rtxmi.pfb><C:/CTEX/MiKTeX/fonts/type1/public/txfonts/rtxr.pfb><C:/CTEX/MiKTe
X/fonts/type1/public/txfonts/txex.pfb><C:/CTEX/MiKTeX/fonts/type1/public/txfont
s/txsy.pfb><C:/CTEX/MiKTeX/fonts/type1/public/txfonts/txsyc.pfb><C:/CTEX/MiKTeX
/fonts/type1/urw/helvetic/uhvr8a.pfb><C:/CTEX/MiKTeX/fonts/type1/urw/times/utmb
8a.pfb><C:/CTEX/MiKTeX/fonts/type1/urw/times/utmr8a.pfb><C:/CTEX/MiKTeX/fonts/t
ype1/urw/times/utmri8a.pfb>
Output written on main.pdf (57 pages, 5976621 bytes).
PDF statistics:
 1770 PDF objects out of 2073 (max. 8388607)
 257 named destinations out of 1000 (max. 500000)
 862 words of extra memory for PDF output out of 10000 (max. 10000000)

